2023-10-26 09:40:21,978 INFO m.ApplicationManager [ApplicationManager.java:25] navigated to the url: https://ilcarro.web.app/search
2023-10-26 09:40:21,982 INFO m.TestNGListener [TestNGListener.java:51] start test - onstart - : Gradle test
2023-10-26 09:40:32,133 INFO t.BaseTest [BaseTest.java:52] stop method: negativeRegistrationBlankEmail
2023-10-26 09:40:32,137 INFO t.BaseTest [BaseTest.java:47] start method: negativeRegistrationBlankEmail
2023-10-26 09:40:32,140 INFO m.TestNGListener [TestNGListener.java:16] started test: negativeRegistrationBlankEmail
2023-10-26 09:40:33,868 INFO m.TestNGListener [TestNGListener.java:22] test success: negativeRegistrationBlankEmail
2023-10-26 09:40:33,872 INFO t.BaseTest [BaseTest.java:52] stop method: negativeRegistrationWrongEmail
2023-10-26 09:40:33,873 INFO t.BaseTest [BaseTest.java:47] start method: negativeRegistrationWrongEmail
2023-10-26 09:40:33,874 INFO m.TestNGListener [TestNGListener.java:16] started test: negativeRegistrationWrongEmail
2023-10-26 09:40:35,063 INFO m.TestNGListener [TestNGListener.java:28] test failure: negativeRegistrationWrongEmail
2023-10-26 09:40:35,067 INFO t.BaseTest [BaseTest.java:52] stop method: negativeRegistrationWrongPassword
2023-10-26 09:40:35,068 INFO t.BaseTest [BaseTest.java:47] start method: negativeRegistrationWrongPassword
2023-10-26 09:40:35,070 INFO m.TestNGListener [TestNGListener.java:16] started test: negativeRegistrationWrongPassword
2023-10-26 09:40:37,112 INFO m.TestNGListener [TestNGListener.java:28] test failure: negativeRegistrationWrongPassword
2023-10-26 09:40:37,114 INFO t.BaseTest [BaseTest.java:52] stop method: positiveRegistration
2023-10-26 09:40:37,117 INFO t.BaseTest [BaseTest.java:47] start method: positiveRegistration
2023-10-26 09:40:37,118 INFO m.TestNGListener [TestNGListener.java:16] started test: positiveRegistration
2023-10-26 09:40:39,277 INFO m.TestNGListener [TestNGListener.java:28] test failure: positiveRegistration
2023-10-26 09:40:39,305 INFO m.TestNGListener [TestNGListener.java:57] all code executed: passed tests: [ResultMap map=[[TestResult name=negativeRegistrationBlankEmail status=SUCCESS method=RegistrationTests.negativeRegistrationBlankEmail()[pri:0, instance:tests.RegistrationTests@71238fc2] output={null}]]]
2023-10-26 09:40:39,305 INFO m.TestNGListener [TestNGListener.java:58] all code executed: failed tests: [ResultMap map=[[TestResult name=negativeRegistrationWrongPassword status=FAILURE method=RegistrationTests.negativeRegistrationWrongPassword()[pri:0, instance:tests.RegistrationTests@71238fc2] output={null}], [TestResult name=negativeRegistrationWrongEmail status=FAILURE method=RegistrationTests.negativeRegistrationWrongEmail()[pri:0, instance:tests.RegistrationTests@71238fc2] output={null}], [TestResult name=positiveRegistration status=FAILURE method=RegistrationTests.positiveRegistration()[pri:0, instance:tests.RegistrationTests@71238fc2] output={null}]]]
