2023-10-26 09:38:02,039 INFO m.ApplicationManager [ApplicationManager.java:25] navigated to the url: https://ilcarro.web.app/search
2023-10-26 09:38:02,044 INFO m.TestNGListener [TestNGListener.java:51] start test - onstart - : Gradle test
2023-10-26 09:38:12,195 INFO t.BaseTest [BaseTest.java:52] stop method: negativeRegistrationBlankEmail
2023-10-26 09:38:12,195 INFO t.BaseTest [BaseTest.java:47] start method: negativeRegistrationBlankEmail
2023-10-26 09:38:12,195 INFO m.TestNGListener [TestNGListener.java:16] started test: negativeRegistrationBlankEmail
2023-10-26 09:38:14,017 INFO m.TestNGListener [TestNGListener.java:22] test success: negativeRegistrationBlankEmail
2023-10-26 09:38:14,017 INFO t.BaseTest [BaseTest.java:52] stop method: negativeRegistrationWrongEmail
2023-10-26 09:38:14,017 INFO t.BaseTest [BaseTest.java:47] start method: negativeRegistrationWrongEmail
2023-10-26 09:38:14,017 INFO m.TestNGListener [TestNGListener.java:16] started test: negativeRegistrationWrongEmail
2023-10-26 09:38:15,194 INFO m.TestNGListener [TestNGListener.java:28] test failure: negativeRegistrationWrongEmail
2023-10-26 09:38:15,194 INFO t.BaseTest [BaseTest.java:52] stop method: negativeRegistrationWrongPassword
2023-10-26 09:38:15,197 INFO t.BaseTest [BaseTest.java:47] start method: negativeRegistrationWrongPassword
2023-10-26 09:38:15,199 INFO m.TestNGListener [TestNGListener.java:16] started test: negativeRegistrationWrongPassword
2023-10-26 09:38:18,047 INFO m.TestNGListener [TestNGListener.java:28] test failure: negativeRegistrationWrongPassword
2023-10-26 09:38:18,047 INFO t.BaseTest [BaseTest.java:52] stop method: positiveRegistration
2023-10-26 09:38:18,047 INFO t.BaseTest [BaseTest.java:47] start method: positiveRegistration
2023-10-26 09:38:18,047 INFO m.TestNGListener [TestNGListener.java:16] started test: positiveRegistration
2023-10-26 09:38:19,906 INFO m.TestNGListener [TestNGListener.java:28] test failure: positiveRegistration
2023-10-26 09:38:19,920 INFO m.TestNGListener [TestNGListener.java:57] all code executed: passed tests: [ResultMap map=[[TestResult name=negativeRegistrationBlankEmail status=SUCCESS method=RegistrationTests.negativeRegistrationBlankEmail()[pri:0, instance:tests.RegistrationTests@71238fc2] output={null}]]]
2023-10-26 09:38:19,920 INFO m.TestNGListener [TestNGListener.java:58] all code executed: failed tests: [ResultMap map=[[TestResult name=positiveRegistration status=FAILURE method=RegistrationTests.positiveRegistration()[pri:0, instance:tests.RegistrationTests@71238fc2] output={null}], [TestResult name=negativeRegistrationWrongPassword status=FAILURE method=RegistrationTests.negativeRegistrationWrongPassword()[pri:0, instance:tests.RegistrationTests@71238fc2] output={null}], [TestResult name=negativeRegistrationWrongEmail status=FAILURE method=RegistrationTests.negativeRegistrationWrongEmail()[pri:0, instance:tests.RegistrationTests@71238fc2] output={null}]]]
