2023-10-24 16:34:13,325 INFO m.ApplicationManager [ApplicationManager.java:23] open page: https://ilcarro.web.app/search
2023-10-24 16:34:15,290 INFO m.TestNGListener [TestNGListener.java:51] start test - onstart - : Gradle test
2023-10-24 16:34:15,292 INFO m.WDListener [WDListener.java:83] before find element: By.xpath: //a[contains(@href, 'logout')]
2023-10-24 16:34:25,341 INFO m.WDListener [WDListener.java:89] element found success: By.xpath: //a[contains(@href, 'logout')]
2023-10-24 16:34:25,420 INFO t.BaseTest [BaseTest.java:52] stop method: negativeRegistrationBlankEmail
2023-10-24 16:34:25,435 INFO t.BaseTest [BaseTest.java:47] start method: negativeRegistrationBlankEmail
2023-10-24 16:34:25,438 INFO m.TestNGListener [TestNGListener.java:16] started test: negativeRegistrationBlankEmail
2023-10-24 16:34:25,438 INFO m.WDListener [WDListener.java:83] before find element: By.xpath: //a[contains(@href, '/registration')]
2023-10-24 16:34:25,505 INFO m.WDListener [WDListener.java:89] element found success: By.xpath: //a[contains(@href, '/registration')]
2023-10-24 16:34:25,517 INFO m.WDListener [WDListener.java:95] start method click
2023-10-24 16:34:25,697 INFO m.WDListener [WDListener.java:101] done method click
2023-10-24 16:34:25,697 INFO m.WDListener [WDListener.java:83] before find element: By.xpath: //input[@id='name']
2023-10-24 16:34:25,735 INFO m.WDListener [WDListener.java:89] element found success: By.xpath: //input[@id='name']
2023-10-24 16:34:25,735 INFO m.WDListener [WDListener.java:95] start method click
2023-10-24 16:34:25,886 INFO m.WDListener [WDListener.java:101] done method click
2023-10-24 16:34:26,043 INFO m.WDListener [WDListener.java:83] before find element: By.xpath: //input[@id='lastName']
2023-10-24 16:34:26,069 INFO m.WDListener [WDListener.java:89] element found success: By.xpath: //input[@id='lastName']
2023-10-24 16:34:26,069 INFO m.WDListener [WDListener.java:95] start method click
2023-10-24 16:34:26,150 INFO m.WDListener [WDListener.java:101] done method click
2023-10-24 16:34:26,299 INFO m.WDListener [WDListener.java:83] before find element: By.xpath: //input[@id='email']
2023-10-24 16:34:26,347 INFO m.WDListener [WDListener.java:89] element found success: By.xpath: //input[@id='email']
2023-10-24 16:34:26,347 INFO m.WDListener [WDListener.java:95] start method click
2023-10-24 16:34:26,458 INFO m.WDListener [WDListener.java:101] done method click
2023-10-24 16:34:26,670 INFO m.WDListener [WDListener.java:83] before find element: By.xpath: //input[@id='password']
2023-10-24 16:34:26,719 INFO m.WDListener [WDListener.java:89] element found success: By.xpath: //input[@id='password']
2023-10-24 16:34:26,719 INFO m.WDListener [WDListener.java:95] start method click
2023-10-24 16:34:26,843 INFO m.WDListener [WDListener.java:101] done method click
2023-10-24 16:34:27,044 INFO m.WDListener [WDListener.java:83] before find element: By.xpath: //label[@for='terms-of-use']
2023-10-24 16:34:27,088 INFO m.WDListener [WDListener.java:89] element found success: By.xpath: //label[@for='terms-of-use']
2023-10-24 16:34:27,445 INFO m.WDListener [WDListener.java:83] before find element: By.xpath: //button[@type='submit']
2023-10-24 16:34:27,507 INFO m.WDListener [WDListener.java:89] element found success: By.xpath: //button[@type='submit']
2023-10-24 16:34:27,507 INFO m.WDListener [WDListener.java:95] start method click
2023-10-24 16:34:27,594 INFO m.WDListener [WDListener.java:101] done method click
2023-10-24 16:34:27,594 INFO m.WDListener [WDListener.java:83] before find element: By.xpath: //input[@autocomplete='email']/..//div//div
2023-10-24 16:34:27,644 INFO m.WDListener [WDListener.java:89] element found success: By.xpath: //input[@autocomplete='email']/..//div//div
2023-10-24 16:34:27,676 INFO m.WDListener [WDListener.java:173] get text from the element with text: Email is required
2023-10-24 16:34:27,702 INFO m.WDListener [WDListener.java:179] got the text successful
2023-10-24 16:34:27,710 INFO m.TestNGListener [TestNGListener.java:22] test success: negativeRegistrationBlankEmail
2023-10-24 16:34:27,710 INFO t.BaseTest [BaseTest.java:52] stop method: negativeRegistrationWrongEmail
2023-10-24 16:34:27,710 INFO t.BaseTest [BaseTest.java:47] start method: negativeRegistrationWrongEmail
2023-10-24 16:34:27,710 INFO m.TestNGListener [TestNGListener.java:16] started test: negativeRegistrationWrongEmail
2023-10-24 16:34:27,710 INFO m.WDListener [WDListener.java:83] before find element: By.xpath: //a[contains(@href, '/registration')]
2023-10-24 16:34:27,753 INFO m.WDListener [WDListener.java:89] element found success: By.xpath: //a[contains(@href, '/registration')]
2023-10-24 16:34:27,755 INFO m.WDListener [WDListener.java:95] start method click
2023-10-24 16:34:27,846 INFO m.WDListener [WDListener.java:101] done method click
2023-10-24 16:34:27,849 INFO m.WDListener [WDListener.java:83] before find element: By.xpath: //input[@id='name']
2023-10-24 16:34:27,895 INFO m.WDListener [WDListener.java:89] element found success: By.xpath: //input[@id='name']
2023-10-24 16:34:27,903 INFO m.WDListener [WDListener.java:95] start method click
2023-10-24 16:34:28,021 INFO m.WDListener [WDListener.java:101] done method click
2023-10-24 16:34:28,297 INFO m.WDListener [WDListener.java:83] before find element: By.xpath: //input[@id='lastName']
2023-10-24 16:34:28,323 INFO m.WDListener [WDListener.java:89] element found success: By.xpath: //input[@id='lastName']
2023-10-24 16:34:28,323 INFO m.WDListener [WDListener.java:95] start method click
2023-10-24 16:34:28,420 INFO m.WDListener [WDListener.java:101] done method click
2023-10-24 16:34:28,636 INFO m.WDListener [WDListener.java:83] before find element: By.xpath: //input[@id='email']
2023-10-24 16:34:28,702 INFO m.WDListener [WDListener.java:89] element found success: By.xpath: //input[@id='email']
2023-10-24 16:34:28,704 INFO m.WDListener [WDListener.java:95] start method click
2023-10-24 16:34:28,831 INFO m.WDListener [WDListener.java:101] done method click
2023-10-24 16:34:29,190 INFO m.WDListener [WDListener.java:83] before find element: By.xpath: //input[@id='password']
2023-10-24 16:34:29,280 INFO m.WDListener [WDListener.java:89] element found success: By.xpath: //input[@id='password']
2023-10-24 16:34:29,280 INFO m.WDListener [WDListener.java:95] start method click
2023-10-24 16:34:29,460 INFO m.WDListener [WDListener.java:101] done method click
2023-10-24 16:34:29,954 INFO m.WDListener [WDListener.java:83] before find element: By.xpath: //label[@for='terms-of-use']
2023-10-24 16:34:30,025 INFO m.WDListener [WDListener.java:89] element found success: By.xpath: //label[@for='terms-of-use']
2023-10-24 16:34:30,131 INFO m.WDListener [WDListener.java:139] start on exception in WDListener class
2023-10-24 16:34:30,131 INFO m.WDListener [WDListener.java:141] created name for the screenshot: src/test/java/screenshots/screenshot-2023-10-24_16_34_30.png
2023-10-24 16:34:30,131 ERROR m.WDListener [WDListener.java:142] move target out of bounds
  (Session info: chrome=118.0.5993.89)
Build info: version: '3.141.59', revision: 'e82be7d358', time: '2018-11-14T08:17:03'
System info: host: 'LAPTOP-259RB9PK', ip: '192.168.1.58', os.name: 'Windows 11', os.arch: 'amd64', os.version: '10.0', java.version: '1.8.0_333'
Driver info: org.openqa.selenium.chrome.ChromeDriver
Capabilities {acceptInsecureCerts: false, browserName: chrome, browserVersion: 118.0.5993.89, chrome: {chromedriverVersion: 118.0.5993.70 (e52f33f30b91..., userDataDir: C:\Users\lzhol\AppData\Loca...}, fedcm:accounts: true, goog:chromeOptions: {debuggerAddress: localhost:60630}, javascriptEnabled: true, networkConnectionEnabled: false, pageLoadStrategy: normal, platform: WINDOWS, platformName: WINDOWS, proxy: Proxy(), setWindowRect: true, strictFileInteractability: false, timeouts: {implicit: 0, pageLoad: 300000, script: 30000}, unhandledPromptBehavior: dismiss and notify, webauthn:extension:credBlob: true, webauthn:extension:largeBlob: true, webauthn:extension:minPinLength: true, webauthn:extension:prf: true, webauthn:virtualAuthenticators: true}
Session ID: b63b56dbdca59aca8af5ff9c50275678
2023-10-24 16:34:30,131 ERROR m.WDListener [WDListener.java:143] [sun.reflect.NativeConstructorAccessorImpl.newInstance0(Native Method), sun.reflect.NativeConstructorAccessorImpl.newInstance(NativeConstructorAccessorImpl.java:62), sun.reflect.DelegatingConstructorAccessorImpl.newInstance(DelegatingConstructorAccessorImpl.java:45), java.lang.reflect.Constructor.newInstance(Constructor.java:423), org.openqa.selenium.remote.http.W3CHttpResponseCodec.createException(W3CHttpResponseCodec.java:187), org.openqa.selenium.remote.http.W3CHttpResponseCodec.decode(W3CHttpResponseCodec.java:122), org.openqa.selenium.remote.http.W3CHttpResponseCodec.decode(W3CHttpResponseCodec.java:49), org.openqa.selenium.remote.HttpCommandExecutor.execute(HttpCommandExecutor.java:158), org.openqa.selenium.remote.service.DriverCommandExecutor.execute(DriverCommandExecutor.java:83), org.openqa.selenium.remote.RemoteWebDriver.execute(RemoteWebDriver.java:552), org.openqa.selenium.remote.RemoteWebDriver.perform(RemoteWebDriver.java:618), sun.reflect.NativeMethodAccessorImpl.invoke0(Native Method), sun.reflect.NativeMethodAccessorImpl.invoke(NativeMethodAccessorImpl.java:62), sun.reflect.DelegatingMethodAccessorImpl.invoke(DelegatingMethodAccessorImpl.java:43), java.lang.reflect.Method.invoke(Method.java:498), org.openqa.selenium.support.events.EventFiringWebDriver.lambda$new$1(EventFiringWebDriver.java:105), com.sun.proxy.$Proxy14.perform(Unknown Source), org.openqa.selenium.support.events.EventFiringWebDriver.perform(EventFiringWebDriver.java:360), org.openqa.selenium.interactions.Actions$BuiltAction.perform(Actions.java:639), org.openqa.selenium.interactions.Actions.perform(Actions.java:595), manager.BaseHelper.clickByXY(BaseHelper.java:106), manager.UserHelper.fillRegistrationForm(UserHelper.java:75), tests.RegistrationTests.negativeRegistrationWrongEmail(RegistrationTests.java:50), sun.reflect.NativeMethodAccessorImpl.invoke0(Native Method), sun.reflect.NativeMethodAccessorImpl.invoke(NativeMethodAccessorImpl.java:62), sun.reflect.DelegatingMethodAccessorImpl.invoke(DelegatingMethodAccessorImpl.java:43), java.lang.reflect.Method.invoke(Method.java:498), org.testng.internal.MethodInvocationHelper.invokeMethod(MethodInvocationHelper.java:133), org.testng.internal.TestInvoker.invokeMethod(TestInvoker.java:598), org.testng.internal.TestInvoker.invokeTestMethod(TestInvoker.java:173), org.testng.internal.MethodRunner.runInSequence(MethodRunner.java:46), org.testng.internal.TestInvoker$MethodInvocationAgent.invoke(TestInvoker.java:824), org.testng.internal.TestInvoker.invokeTestMethods(TestInvoker.java:146), org.testng.internal.TestMethodWorker.invokeTestMethods(TestMethodWorker.java:146), org.testng.internal.TestMethodWorker.run(TestMethodWorker.java:128), java.util.ArrayList.forEach(ArrayList.java:1259), org.testng.TestRunner.privateRun(TestRunner.java:794), org.testng.TestRunner.run(TestRunner.java:596), org.testng.SuiteRunner.runTest(SuiteRunner.java:377), org.testng.SuiteRunner.runSequentially(SuiteRunner.java:371), org.testng.SuiteRunner.privateRun(SuiteRunner.java:332), org.testng.SuiteRunner.run(SuiteRunner.java:276), org.testng.SuiteRunnerWorker.runSuite(SuiteRunnerWorker.java:53), org.testng.SuiteRunnerWorker.run(SuiteRunnerWorker.java:96), org.testng.TestNG.runSuitesSequentially(TestNG.java:1212), org.testng.TestNG.runSuitesLocally(TestNG.java:1134), org.testng.TestNG.runSuites(TestNG.java:1063), org.testng.TestNG.run(TestNG.java:1031), org.gradle.api.internal.tasks.testing.testng.TestNGTestClassProcessor.runTests(TestNGTestClassProcessor.java:141), org.gradle.api.internal.tasks.testing.testng.TestNGTestClassProcessor.stop(TestNGTestClassProcessor.java:90), org.gradle.api.internal.tasks.testing.SuiteTestClassProcessor.stop(SuiteTestClassProcessor.java:61), sun.reflect.NativeMethodAccessorImpl.invoke0(Native Method), sun.reflect.NativeMethodAccessorImpl.invoke(NativeMethodAccessorImpl.java:62), sun.reflect.DelegatingMethodAccessorImpl.invoke(DelegatingMethodAccessorImpl.java:43), java.lang.reflect.Method.invoke(Method.java:498), org.gradle.internal.dispatch.ReflectionDispatch.dispatch(ReflectionDispatch.java:36), org.gradle.internal.dispatch.ReflectionDispatch.dispatch(ReflectionDispatch.java:24), org.gradle.internal.dispatch.ContextClassLoaderDispatch.dispatch(ContextClassLoaderDispatch.java:33), org.gradle.internal.dispatch.ProxyDispatchAdapter$DispatchingInvocationHandler.invoke(ProxyDispatchAdapter.java:94), com.sun.proxy.$Proxy2.stop(Unknown Source), org.gradle.api.internal.tasks.testing.worker.TestWorker$3.run(TestWorker.java:193), org.gradle.api.internal.tasks.testing.worker.TestWorker.executeAndMaintainThreadName(TestWorker.java:129), org.gradle.api.internal.tasks.testing.worker.TestWorker.execute(TestWorker.java:100), org.gradle.api.internal.tasks.testing.worker.TestWorker.execute(TestWorker.java:60), org.gradle.process.internal.worker.child.ActionExecutionWorker.execute(ActionExecutionWorker.java:56), org.gradle.process.internal.worker.child.SystemApplicationClassLoaderWorker.call(SystemApplicationClassLoaderWorker.java:133), org.gradle.process.internal.worker.child.SystemApplicationClassLoaderWorker.call(SystemApplicationClassLoaderWorker.java:71), worker.org.gradle.process.internal.worker.GradleWorkerMain.run(GradleWorkerMain.java:69), worker.org.gradle.process.internal.worker.GradleWorkerMain.main(GradleWorkerMain.java:74)]
2023-10-24 16:34:30,131 ERROR m.WDListener [WDListener.java:144] org.openqa.selenium.interactions.MoveTargetOutOfBoundsException: move target out of bounds
  (Session info: chrome=118.0.5993.89)
Build info: version: '3.141.59', revision: 'e82be7d358', time: '2018-11-14T08:17:03'
System info: host: 'LAPTOP-259RB9PK', ip: '192.168.1.58', os.name: 'Windows 11', os.arch: 'amd64', os.version: '10.0', java.version: '1.8.0_333'
Driver info: org.openqa.selenium.chrome.ChromeDriver
Capabilities {acceptInsecureCerts: false, browserName: chrome, browserVersion: 118.0.5993.89, chrome: {chromedriverVersion: 118.0.5993.70 (e52f33f30b91..., userDataDir: C:\Users\lzhol\AppData\Loca...}, fedcm:accounts: true, goog:chromeOptions: {debuggerAddress: localhost:60630}, javascriptEnabled: true, networkConnectionEnabled: false, pageLoadStrategy: normal, platform: WINDOWS, platformName: WINDOWS, proxy: Proxy(), setWindowRect: true, strictFileInteractability: false, timeouts: {implicit: 0, pageLoad: 300000, script: 30000}, unhandledPromptBehavior: dismiss and notify, webauthn:extension:credBlob: true, webauthn:extension:largeBlob: true, webauthn:extension:minPinLength: true, webauthn:extension:prf: true, webauthn:virtualAuthenticators: true}
Session ID: b63b56dbdca59aca8af5ff9c50275678
2023-10-24 16:34:31,311 INFO m.TestNGListener [TestNGListener.java:28] test failure: negativeRegistrationWrongEmail
2023-10-24 16:34:31,312 INFO t.BaseTest [BaseTest.java:52] stop method: negativeRegistrationWrongPassword
2023-10-24 16:34:31,312 INFO t.BaseTest [BaseTest.java:47] start method: negativeRegistrationWrongPassword
2023-10-24 16:34:31,312 INFO m.TestNGListener [TestNGListener.java:16] started test: negativeRegistrationWrongPassword
2023-10-24 16:34:31,312 INFO m.WDListener [WDListener.java:83] before find element: By.xpath: //a[contains(@href, '/registration')]
2023-10-24 16:34:31,366 INFO m.WDListener [WDListener.java:89] element found success: By.xpath: //a[contains(@href, '/registration')]
2023-10-24 16:34:31,366 INFO m.WDListener [WDListener.java:95] start method click
2023-10-24 16:34:31,498 INFO m.WDListener [WDListener.java:101] done method click
2023-10-24 16:34:31,498 INFO m.WDListener [WDListener.java:83] before find element: By.xpath: //input[@id='name']
2023-10-24 16:34:31,521 INFO m.WDListener [WDListener.java:89] element found success: By.xpath: //input[@id='name']
2023-10-24 16:34:31,521 INFO m.WDListener [WDListener.java:95] start method click
2023-10-24 16:34:31,634 INFO m.WDListener [WDListener.java:101] done method click
2023-10-24 16:34:31,809 INFO m.WDListener [WDListener.java:83] before find element: By.xpath: //input[@id='lastName']
2023-10-24 16:34:31,846 INFO m.WDListener [WDListener.java:89] element found success: By.xpath: //input[@id='lastName']
2023-10-24 16:34:31,846 INFO m.WDListener [WDListener.java:95] start method click
2023-10-24 16:34:31,928 INFO m.WDListener [WDListener.java:101] done method click
2023-10-24 16:34:32,084 INFO m.WDListener [WDListener.java:83] before find element: By.xpath: //input[@id='email']
2023-10-24 16:34:32,113 INFO m.WDListener [WDListener.java:89] element found success: By.xpath: //input[@id='email']
2023-10-24 16:34:32,113 INFO m.WDListener [WDListener.java:95] start method click
2023-10-24 16:34:32,189 INFO m.WDListener [WDListener.java:101] done method click
2023-10-24 16:34:32,443 INFO m.WDListener [WDListener.java:83] before find element: By.xpath: //input[@id='password']
2023-10-24 16:34:32,509 INFO m.WDListener [WDListener.java:89] element found success: By.xpath: //input[@id='password']
2023-10-24 16:34:32,511 INFO m.WDListener [WDListener.java:95] start method click
2023-10-24 16:34:32,607 INFO m.WDListener [WDListener.java:101] done method click
2023-10-24 16:34:32,798 INFO m.WDListener [WDListener.java:83] before find element: By.xpath: //label[@for='terms-of-use']
2023-10-24 16:34:32,823 INFO m.WDListener [WDListener.java:89] element found success: By.xpath: //label[@for='terms-of-use']
2023-10-24 16:34:32,868 INFO m.WDListener [WDListener.java:139] start on exception in WDListener class
2023-10-24 16:34:32,868 INFO m.WDListener [WDListener.java:141] created name for the screenshot: src/test/java/screenshots/screenshot-2023-10-24_16_34_32.png
2023-10-24 16:34:32,868 ERROR m.WDListener [WDListener.java:142] move target out of bounds
  (Session info: chrome=118.0.5993.89)
Build info: version: '3.141.59', revision: 'e82be7d358', time: '2018-11-14T08:17:03'
System info: host: 'LAPTOP-259RB9PK', ip: '192.168.1.58', os.name: 'Windows 11', os.arch: 'amd64', os.version: '10.0', java.version: '1.8.0_333'
Driver info: org.openqa.selenium.chrome.ChromeDriver
Capabilities {acceptInsecureCerts: false, browserName: chrome, browserVersion: 118.0.5993.89, chrome: {chromedriverVersion: 118.0.5993.70 (e52f33f30b91..., userDataDir: C:\Users\lzhol\AppData\Loca...}, fedcm:accounts: true, goog:chromeOptions: {debuggerAddress: localhost:60630}, javascriptEnabled: true, networkConnectionEnabled: false, pageLoadStrategy: normal, platform: WINDOWS, platformName: WINDOWS, proxy: Proxy(), setWindowRect: true, strictFileInteractability: false, timeouts: {implicit: 0, pageLoad: 300000, script: 30000}, unhandledPromptBehavior: dismiss and notify, webauthn:extension:credBlob: true, webauthn:extension:largeBlob: true, webauthn:extension:minPinLength: true, webauthn:extension:prf: true, webauthn:virtualAuthenticators: true}
Session ID: b63b56dbdca59aca8af5ff9c50275678
2023-10-24 16:34:32,868 ERROR m.WDListener [WDListener.java:143] [sun.reflect.NativeConstructorAccessorImpl.newInstance0(Native Method), sun.reflect.NativeConstructorAccessorImpl.newInstance(NativeConstructorAccessorImpl.java:62), sun.reflect.DelegatingConstructorAccessorImpl.newInstance(DelegatingConstructorAccessorImpl.java:45), java.lang.reflect.Constructor.newInstance(Constructor.java:423), org.openqa.selenium.remote.http.W3CHttpResponseCodec.createException(W3CHttpResponseCodec.java:187), org.openqa.selenium.remote.http.W3CHttpResponseCodec.decode(W3CHttpResponseCodec.java:122), org.openqa.selenium.remote.http.W3CHttpResponseCodec.decode(W3CHttpResponseCodec.java:49), org.openqa.selenium.remote.HttpCommandExecutor.execute(HttpCommandExecutor.java:158), org.openqa.selenium.remote.service.DriverCommandExecutor.execute(DriverCommandExecutor.java:83), org.openqa.selenium.remote.RemoteWebDriver.execute(RemoteWebDriver.java:552), org.openqa.selenium.remote.RemoteWebDriver.perform(RemoteWebDriver.java:618), sun.reflect.NativeMethodAccessorImpl.invoke0(Native Method), sun.reflect.NativeMethodAccessorImpl.invoke(NativeMethodAccessorImpl.java:62), sun.reflect.DelegatingMethodAccessorImpl.invoke(DelegatingMethodAccessorImpl.java:43), java.lang.reflect.Method.invoke(Method.java:498), org.openqa.selenium.support.events.EventFiringWebDriver.lambda$new$1(EventFiringWebDriver.java:105), com.sun.proxy.$Proxy14.perform(Unknown Source), org.openqa.selenium.support.events.EventFiringWebDriver.perform(EventFiringWebDriver.java:360), org.openqa.selenium.interactions.Actions$BuiltAction.perform(Actions.java:639), org.openqa.selenium.interactions.Actions.perform(Actions.java:595), manager.BaseHelper.clickByXY(BaseHelper.java:106), manager.UserHelper.fillRegistrationForm(UserHelper.java:75), tests.RegistrationTests.negativeRegistrationWrongPassword(RegistrationTests.java:65), sun.reflect.NativeMethodAccessorImpl.invoke0(Native Method), sun.reflect.NativeMethodAccessorImpl.invoke(NativeMethodAccessorImpl.java:62), sun.reflect.DelegatingMethodAccessorImpl.invoke(DelegatingMethodAccessorImpl.java:43), java.lang.reflect.Method.invoke(Method.java:498), org.testng.internal.MethodInvocationHelper.invokeMethod(MethodInvocationHelper.java:133), org.testng.internal.TestInvoker.invokeMethod(TestInvoker.java:598), org.testng.internal.TestInvoker.invokeTestMethod(TestInvoker.java:173), org.testng.internal.MethodRunner.runInSequence(MethodRunner.java:46), org.testng.internal.TestInvoker$MethodInvocationAgent.invoke(TestInvoker.java:824), org.testng.internal.TestInvoker.invokeTestMethods(TestInvoker.java:146), org.testng.internal.TestMethodWorker.invokeTestMethods(TestMethodWorker.java:146), org.testng.internal.TestMethodWorker.run(TestMethodWorker.java:128), java.util.ArrayList.forEach(ArrayList.java:1259), org.testng.TestRunner.privateRun(TestRunner.java:794), org.testng.TestRunner.run(TestRunner.java:596), org.testng.SuiteRunner.runTest(SuiteRunner.java:377), org.testng.SuiteRunner.runSequentially(SuiteRunner.java:371), org.testng.SuiteRunner.privateRun(SuiteRunner.java:332), org.testng.SuiteRunner.run(SuiteRunner.java:276), org.testng.SuiteRunnerWorker.runSuite(SuiteRunnerWorker.java:53), org.testng.SuiteRunnerWorker.run(SuiteRunnerWorker.java:96), org.testng.TestNG.runSuitesSequentially(TestNG.java:1212), org.testng.TestNG.runSuitesLocally(TestNG.java:1134), org.testng.TestNG.runSuites(TestNG.java:1063), org.testng.TestNG.run(TestNG.java:1031), org.gradle.api.internal.tasks.testing.testng.TestNGTestClassProcessor.runTests(TestNGTestClassProcessor.java:141), org.gradle.api.internal.tasks.testing.testng.TestNGTestClassProcessor.stop(TestNGTestClassProcessor.java:90), org.gradle.api.internal.tasks.testing.SuiteTestClassProcessor.stop(SuiteTestClassProcessor.java:61), sun.reflect.NativeMethodAccessorImpl.invoke0(Native Method), sun.reflect.NativeMethodAccessorImpl.invoke(NativeMethodAccessorImpl.java:62), sun.reflect.DelegatingMethodAccessorImpl.invoke(DelegatingMethodAccessorImpl.java:43), java.lang.reflect.Method.invoke(Method.java:498), org.gradle.internal.dispatch.ReflectionDispatch.dispatch(ReflectionDispatch.java:36), org.gradle.internal.dispatch.ReflectionDispatch.dispatch(ReflectionDispatch.java:24), org.gradle.internal.dispatch.ContextClassLoaderDispatch.dispatch(ContextClassLoaderDispatch.java:33), org.gradle.internal.dispatch.ProxyDispatchAdapter$DispatchingInvocationHandler.invoke(ProxyDispatchAdapter.java:94), com.sun.proxy.$Proxy2.stop(Unknown Source), org.gradle.api.internal.tasks.testing.worker.TestWorker$3.run(TestWorker.java:193), org.gradle.api.internal.tasks.testing.worker.TestWorker.executeAndMaintainThreadName(TestWorker.java:129), org.gradle.api.internal.tasks.testing.worker.TestWorker.execute(TestWorker.java:100), org.gradle.api.internal.tasks.testing.worker.TestWorker.execute(TestWorker.java:60), org.gradle.process.internal.worker.child.ActionExecutionWorker.execute(ActionExecutionWorker.java:56), org.gradle.process.internal.worker.child.SystemApplicationClassLoaderWorker.call(SystemApplicationClassLoaderWorker.java:133), org.gradle.process.internal.worker.child.SystemApplicationClassLoaderWorker.call(SystemApplicationClassLoaderWorker.java:71), worker.org.gradle.process.internal.worker.GradleWorkerMain.run(GradleWorkerMain.java:69), worker.org.gradle.process.internal.worker.GradleWorkerMain.main(GradleWorkerMain.java:74)]
2023-10-24 16:34:32,868 ERROR m.WDListener [WDListener.java:144] org.openqa.selenium.interactions.MoveTargetOutOfBoundsException: move target out of bounds
  (Session info: chrome=118.0.5993.89)
Build info: version: '3.141.59', revision: 'e82be7d358', time: '2018-11-14T08:17:03'
System info: host: 'LAPTOP-259RB9PK', ip: '192.168.1.58', os.name: 'Windows 11', os.arch: 'amd64', os.version: '10.0', java.version: '1.8.0_333'
Driver info: org.openqa.selenium.chrome.ChromeDriver
Capabilities {acceptInsecureCerts: false, browserName: chrome, browserVersion: 118.0.5993.89, chrome: {chromedriverVersion: 118.0.5993.70 (e52f33f30b91..., userDataDir: C:\Users\lzhol\AppData\Loca...}, fedcm:accounts: true, goog:chromeOptions: {debuggerAddress: localhost:60630}, javascriptEnabled: true, networkConnectionEnabled: false, pageLoadStrategy: normal, platform: WINDOWS, platformName: WINDOWS, proxy: Proxy(), setWindowRect: true, strictFileInteractability: false, timeouts: {implicit: 0, pageLoad: 300000, script: 30000}, unhandledPromptBehavior: dismiss and notify, webauthn:extension:credBlob: true, webauthn:extension:largeBlob: true, webauthn:extension:minPinLength: true, webauthn:extension:prf: true, webauthn:virtualAuthenticators: true}
Session ID: b63b56dbdca59aca8af5ff9c50275678
2023-10-24 16:34:33,867 INFO m.TestNGListener [TestNGListener.java:28] test failure: negativeRegistrationWrongPassword
2023-10-24 16:34:33,867 INFO t.BaseTest [BaseTest.java:52] stop method: positiveRegistration
2023-10-24 16:34:33,872 INFO t.BaseTest [BaseTest.java:47] start method: positiveRegistration
2023-10-24 16:34:33,872 INFO m.TestNGListener [TestNGListener.java:16] started test: positiveRegistration
2023-10-24 16:34:33,877 INFO m.WDListener [WDListener.java:83] before find element: By.xpath: //a[contains(@href, '/registration')]
2023-10-24 16:34:33,897 INFO m.WDListener [WDListener.java:89] element found success: By.xpath: //a[contains(@href, '/registration')]
2023-10-24 16:34:33,897 INFO m.WDListener [WDListener.java:95] start method click
2023-10-24 16:34:33,986 INFO m.WDListener [WDListener.java:101] done method click
2023-10-24 16:34:33,987 INFO m.WDListener [WDListener.java:83] before find element: By.xpath: //input[@id='name']
2023-10-24 16:34:34,013 INFO m.WDListener [WDListener.java:89] element found success: By.xpath: //input[@id='name']
2023-10-24 16:34:34,013 INFO m.WDListener [WDListener.java:95] start method click
2023-10-24 16:34:34,104 INFO m.WDListener [WDListener.java:101] done method click
2023-10-24 16:34:34,305 INFO m.WDListener [WDListener.java:83] before find element: By.xpath: //input[@id='lastName']
2023-10-24 16:34:34,327 INFO m.WDListener [WDListener.java:89] element found success: By.xpath: //input[@id='lastName']
2023-10-24 16:34:34,329 INFO m.WDListener [WDListener.java:95] start method click
2023-10-24 16:34:34,448 INFO m.WDListener [WDListener.java:101] done method click
2023-10-24 16:34:34,637 INFO m.WDListener [WDListener.java:83] before find element: By.xpath: //input[@id='email']
2023-10-24 16:34:34,701 INFO m.WDListener [WDListener.java:89] element found success: By.xpath: //input[@id='email']
2023-10-24 16:34:34,701 INFO m.WDListener [WDListener.java:95] start method click
2023-10-24 16:34:34,832 INFO m.WDListener [WDListener.java:101] done method click
2023-10-24 16:34:35,086 INFO m.WDListener [WDListener.java:83] before find element: By.xpath: //input[@id='password']
2023-10-24 16:34:35,105 INFO m.WDListener [WDListener.java:89] element found success: By.xpath: //input[@id='password']
2023-10-24 16:34:35,105 INFO m.WDListener [WDListener.java:95] start method click
2023-10-24 16:34:35,188 INFO m.WDListener [WDListener.java:101] done method click
2023-10-24 16:34:35,429 INFO m.WDListener [WDListener.java:83] before find element: By.xpath: //label[@for='terms-of-use']
2023-10-24 16:34:35,467 INFO m.WDListener [WDListener.java:89] element found success: By.xpath: //label[@for='terms-of-use']
2023-10-24 16:34:35,514 INFO m.WDListener [WDListener.java:139] start on exception in WDListener class
2023-10-24 16:34:35,514 INFO m.WDListener [WDListener.java:141] created name for the screenshot: src/test/java/screenshots/screenshot-2023-10-24_16_34_35.png
2023-10-24 16:34:35,518 ERROR m.WDListener [WDListener.java:142] move target out of bounds
  (Session info: chrome=118.0.5993.89)
Build info: version: '3.141.59', revision: 'e82be7d358', time: '2018-11-14T08:17:03'
System info: host: 'LAPTOP-259RB9PK', ip: '192.168.1.58', os.name: 'Windows 11', os.arch: 'amd64', os.version: '10.0', java.version: '1.8.0_333'
Driver info: org.openqa.selenium.chrome.ChromeDriver
Capabilities {acceptInsecureCerts: false, browserName: chrome, browserVersion: 118.0.5993.89, chrome: {chromedriverVersion: 118.0.5993.70 (e52f33f30b91..., userDataDir: C:\Users\lzhol\AppData\Loca...}, fedcm:accounts: true, goog:chromeOptions: {debuggerAddress: localhost:60630}, javascriptEnabled: true, networkConnectionEnabled: false, pageLoadStrategy: normal, platform: WINDOWS, platformName: WINDOWS, proxy: Proxy(), setWindowRect: true, strictFileInteractability: false, timeouts: {implicit: 0, pageLoad: 300000, script: 30000}, unhandledPromptBehavior: dismiss and notify, webauthn:extension:credBlob: true, webauthn:extension:largeBlob: true, webauthn:extension:minPinLength: true, webauthn:extension:prf: true, webauthn:virtualAuthenticators: true}
Session ID: b63b56dbdca59aca8af5ff9c50275678
2023-10-24 16:34:35,518 ERROR m.WDListener [WDListener.java:143] [sun.reflect.NativeConstructorAccessorImpl.newInstance0(Native Method), sun.reflect.NativeConstructorAccessorImpl.newInstance(NativeConstructorAccessorImpl.java:62), sun.reflect.DelegatingConstructorAccessorImpl.newInstance(DelegatingConstructorAccessorImpl.java:45), java.lang.reflect.Constructor.newInstance(Constructor.java:423), org.openqa.selenium.remote.http.W3CHttpResponseCodec.createException(W3CHttpResponseCodec.java:187), org.openqa.selenium.remote.http.W3CHttpResponseCodec.decode(W3CHttpResponseCodec.java:122), org.openqa.selenium.remote.http.W3CHttpResponseCodec.decode(W3CHttpResponseCodec.java:49), org.openqa.selenium.remote.HttpCommandExecutor.execute(HttpCommandExecutor.java:158), org.openqa.selenium.remote.service.DriverCommandExecutor.execute(DriverCommandExecutor.java:83), org.openqa.selenium.remote.RemoteWebDriver.execute(RemoteWebDriver.java:552), org.openqa.selenium.remote.RemoteWebDriver.perform(RemoteWebDriver.java:618), sun.reflect.NativeMethodAccessorImpl.invoke0(Native Method), sun.reflect.NativeMethodAccessorImpl.invoke(NativeMethodAccessorImpl.java:62), sun.reflect.DelegatingMethodAccessorImpl.invoke(DelegatingMethodAccessorImpl.java:43), java.lang.reflect.Method.invoke(Method.java:498), org.openqa.selenium.support.events.EventFiringWebDriver.lambda$new$1(EventFiringWebDriver.java:105), com.sun.proxy.$Proxy14.perform(Unknown Source), org.openqa.selenium.support.events.EventFiringWebDriver.perform(EventFiringWebDriver.java:360), org.openqa.selenium.interactions.Actions$BuiltAction.perform(Actions.java:639), org.openqa.selenium.interactions.Actions.perform(Actions.java:595), manager.BaseHelper.clickByXY(BaseHelper.java:106), manager.UserHelper.fillRegistrationForm(UserHelper.java:75), tests.RegistrationTests.positiveRegistration(RegistrationTests.java:36), sun.reflect.NativeMethodAccessorImpl.invoke0(Native Method), sun.reflect.NativeMethodAccessorImpl.invoke(NativeMethodAccessorImpl.java:62), sun.reflect.DelegatingMethodAccessorImpl.invoke(DelegatingMethodAccessorImpl.java:43), java.lang.reflect.Method.invoke(Method.java:498), org.testng.internal.MethodInvocationHelper.invokeMethod(MethodInvocationHelper.java:133), org.testng.internal.TestInvoker.invokeMethod(TestInvoker.java:598), org.testng.internal.TestInvoker.invokeTestMethod(TestInvoker.java:173), org.testng.internal.MethodRunner.runInSequence(MethodRunner.java:46), org.testng.internal.TestInvoker$MethodInvocationAgent.invoke(TestInvoker.java:824), org.testng.internal.TestInvoker.invokeTestMethods(TestInvoker.java:146), org.testng.internal.TestMethodWorker.invokeTestMethods(TestMethodWorker.java:146), org.testng.internal.TestMethodWorker.run(TestMethodWorker.java:128), java.util.ArrayList.forEach(ArrayList.java:1259), org.testng.TestRunner.privateRun(TestRunner.java:794), org.testng.TestRunner.run(TestRunner.java:596), org.testng.SuiteRunner.runTest(SuiteRunner.java:377), org.testng.SuiteRunner.runSequentially(SuiteRunner.java:371), org.testng.SuiteRunner.privateRun(SuiteRunner.java:332), org.testng.SuiteRunner.run(SuiteRunner.java:276), org.testng.SuiteRunnerWorker.runSuite(SuiteRunnerWorker.java:53), org.testng.SuiteRunnerWorker.run(SuiteRunnerWorker.java:96), org.testng.TestNG.runSuitesSequentially(TestNG.java:1212), org.testng.TestNG.runSuitesLocally(TestNG.java:1134), org.testng.TestNG.runSuites(TestNG.java:1063), org.testng.TestNG.run(TestNG.java:1031), org.gradle.api.internal.tasks.testing.testng.TestNGTestClassProcessor.runTests(TestNGTestClassProcessor.java:141), org.gradle.api.internal.tasks.testing.testng.TestNGTestClassProcessor.stop(TestNGTestClassProcessor.java:90), org.gradle.api.internal.tasks.testing.SuiteTestClassProcessor.stop(SuiteTestClassProcessor.java:61), sun.reflect.NativeMethodAccessorImpl.invoke0(Native Method), sun.reflect.NativeMethodAccessorImpl.invoke(NativeMethodAccessorImpl.java:62), sun.reflect.DelegatingMethodAccessorImpl.invoke(DelegatingMethodAccessorImpl.java:43), java.lang.reflect.Method.invoke(Method.java:498), org.gradle.internal.dispatch.ReflectionDispatch.dispatch(ReflectionDispatch.java:36), org.gradle.internal.dispatch.ReflectionDispatch.dispatch(ReflectionDispatch.java:24), org.gradle.internal.dispatch.ContextClassLoaderDispatch.dispatch(ContextClassLoaderDispatch.java:33), org.gradle.internal.dispatch.ProxyDispatchAdapter$DispatchingInvocationHandler.invoke(ProxyDispatchAdapter.java:94), com.sun.proxy.$Proxy2.stop(Unknown Source), org.gradle.api.internal.tasks.testing.worker.TestWorker$3.run(TestWorker.java:193), org.gradle.api.internal.tasks.testing.worker.TestWorker.executeAndMaintainThreadName(TestWorker.java:129), org.gradle.api.internal.tasks.testing.worker.TestWorker.execute(TestWorker.java:100), org.gradle.api.internal.tasks.testing.worker.TestWorker.execute(TestWorker.java:60), org.gradle.process.internal.worker.child.ActionExecutionWorker.execute(ActionExecutionWorker.java:56), org.gradle.process.internal.worker.child.SystemApplicationClassLoaderWorker.call(SystemApplicationClassLoaderWorker.java:133), org.gradle.process.internal.worker.child.SystemApplicationClassLoaderWorker.call(SystemApplicationClassLoaderWorker.java:71), worker.org.gradle.process.internal.worker.GradleWorkerMain.run(GradleWorkerMain.java:69), worker.org.gradle.process.internal.worker.GradleWorkerMain.main(GradleWorkerMain.java:74)]
2023-10-24 16:34:35,518 ERROR m.WDListener [WDListener.java:144] org.openqa.selenium.interactions.MoveTargetOutOfBoundsException: move target out of bounds
  (Session info: chrome=118.0.5993.89)
Build info: version: '3.141.59', revision: 'e82be7d358', time: '2018-11-14T08:17:03'
System info: host: 'LAPTOP-259RB9PK', ip: '192.168.1.58', os.name: 'Windows 11', os.arch: 'amd64', os.version: '10.0', java.version: '1.8.0_333'
Driver info: org.openqa.selenium.chrome.ChromeDriver
Capabilities {acceptInsecureCerts: false, browserName: chrome, browserVersion: 118.0.5993.89, chrome: {chromedriverVersion: 118.0.5993.70 (e52f33f30b91..., userDataDir: C:\Users\lzhol\AppData\Loca...}, fedcm:accounts: true, goog:chromeOptions: {debuggerAddress: localhost:60630}, javascriptEnabled: true, networkConnectionEnabled: false, pageLoadStrategy: normal, platform: WINDOWS, platformName: WINDOWS, proxy: Proxy(), setWindowRect: true, strictFileInteractability: false, timeouts: {implicit: 0, pageLoad: 300000, script: 30000}, unhandledPromptBehavior: dismiss and notify, webauthn:extension:credBlob: true, webauthn:extension:largeBlob: true, webauthn:extension:minPinLength: true, webauthn:extension:prf: true, webauthn:virtualAuthenticators: true}
Session ID: b63b56dbdca59aca8af5ff9c50275678
2023-10-24 16:34:36,497 INFO m.TestNGListener [TestNGListener.java:28] test failure: positiveRegistration
2023-10-24 16:34:36,497 INFO m.TestNGListener [TestNGListener.java:57] all code executed: passed tests: [ResultMap map=[[TestResult name=negativeRegistrationBlankEmail status=SUCCESS method=RegistrationTests.negativeRegistrationBlankEmail()[pri:0, instance:tests.RegistrationTests@505fc5a4] output={null}]]]
2023-10-24 16:34:36,497 INFO m.TestNGListener [TestNGListener.java:58] all code executed: failed tests: [ResultMap map=[[TestResult name=negativeRegistrationWrongPassword status=FAILURE method=RegistrationTests.negativeRegistrationWrongPassword()[pri:0, instance:tests.RegistrationTests@505fc5a4] output={null}], [TestResult name=positiveRegistration status=FAILURE method=RegistrationTests.positiveRegistration()[pri:0, instance:tests.RegistrationTests@505fc5a4] output={null}], [TestResult name=negativeRegistrationWrongEmail status=FAILURE method=RegistrationTests.negativeRegistrationWrongEmail()[pri:0, instance:tests.RegistrationTests@505fc5a4] output={null}]]]
