2023-10-26 09:21:53,240 INFO m.ApplicationManager [ApplicationManager.java:23] open page: https://ilcarro.web.app/search
2023-10-26 09:21:55,341 INFO m.TestNGListener [TestNGListener.java:51] start test - onstart - : Gradle test
2023-10-26 09:21:55,344 INFO m.WDListener [WDListener.java:40] navigate to: https://ilcarro.web.app/search
2023-10-26 09:21:55,801 INFO m.WDListener [WDListener.java:46] navigate to: https://ilcarro.web.app/search
2023-10-26 09:21:55,804 INFO m.WDListener [WDListener.java:83] before find element: By.xpath: //a[contains(@href, 'logout')]
2023-10-26 09:22:05,864 INFO m.WDListener [WDListener.java:89] element found success: By.xpath: //a[contains(@href, 'logout')]
2023-10-26 09:22:05,946 INFO t.BaseTest [BaseTest.java:52] stop method: negativeRegistrationBlankEmail
2023-10-26 09:22:05,946 INFO t.BaseTest [BaseTest.java:47] start method: negativeRegistrationBlankEmail
2023-10-26 09:22:05,958 INFO m.TestNGListener [TestNGListener.java:16] started test: negativeRegistrationBlankEmail
2023-10-26 09:22:05,958 INFO m.WDListener [WDListener.java:83] before find element: By.xpath: //a[contains(@href, '/registration')]
2023-10-26 09:22:06,012 INFO m.WDListener [WDListener.java:89] element found success: By.xpath: //a[contains(@href, '/registration')]
2023-10-26 09:22:06,021 INFO m.WDListener [WDListener.java:95] start method click
2023-10-26 09:22:06,185 INFO m.WDListener [WDListener.java:101] done method click
2023-10-26 09:22:06,185 INFO m.WDListener [WDListener.java:83] before find element: By.xpath: //input[@id='name']
2023-10-26 09:22:06,229 INFO m.WDListener [WDListener.java:89] element found success: By.xpath: //input[@id='name']
2023-10-26 09:22:06,229 INFO m.WDListener [WDListener.java:95] start method click
2023-10-26 09:22:06,374 INFO m.WDListener [WDListener.java:101] done method click
2023-10-26 09:22:06,566 INFO m.WDListener [WDListener.java:83] before find element: By.xpath: //input[@id='lastName']
2023-10-26 09:22:06,593 INFO m.WDListener [WDListener.java:89] element found success: By.xpath: //input[@id='lastName']
2023-10-26 09:22:06,593 INFO m.WDListener [WDListener.java:95] start method click
2023-10-26 09:22:06,671 INFO m.WDListener [WDListener.java:101] done method click
2023-10-26 09:22:06,813 INFO m.WDListener [WDListener.java:83] before find element: By.xpath: //input[@id='email']
2023-10-26 09:22:06,839 INFO m.WDListener [WDListener.java:89] element found success: By.xpath: //input[@id='email']
2023-10-26 09:22:06,839 INFO m.WDListener [WDListener.java:95] start method click
2023-10-26 09:22:06,930 INFO m.WDListener [WDListener.java:101] done method click
2023-10-26 09:22:07,038 INFO m.WDListener [WDListener.java:83] before find element: By.xpath: //input[@id='password']
2023-10-26 09:22:07,088 INFO m.WDListener [WDListener.java:89] element found success: By.xpath: //input[@id='password']
2023-10-26 09:22:07,088 INFO m.WDListener [WDListener.java:95] start method click
2023-10-26 09:22:07,172 INFO m.WDListener [WDListener.java:101] done method click
2023-10-26 09:22:07,299 INFO m.WDListener [WDListener.java:83] before find element: By.xpath: //label[@for='terms-of-use']
2023-10-26 09:22:07,350 INFO m.WDListener [WDListener.java:89] element found success: By.xpath: //label[@for='terms-of-use']
2023-10-26 09:22:07,643 INFO m.WDListener [WDListener.java:83] before find element: By.xpath: //button[@type='submit']
2023-10-26 09:22:07,699 INFO m.WDListener [WDListener.java:89] element found success: By.xpath: //button[@type='submit']
2023-10-26 09:22:07,700 INFO m.WDListener [WDListener.java:95] start method click
2023-10-26 09:22:07,768 INFO m.WDListener [WDListener.java:101] done method click
2023-10-26 09:22:07,769 INFO m.WDListener [WDListener.java:83] before find element: By.xpath: //input[@autocomplete='email']/..//div//div
2023-10-26 09:22:07,821 INFO m.WDListener [WDListener.java:89] element found success: By.xpath: //input[@autocomplete='email']/..//div//div
2023-10-26 09:22:07,843 INFO m.WDListener [WDListener.java:173] get text from the element with text: Email is required
2023-10-26 09:22:07,855 INFO m.WDListener [WDListener.java:179] got the text successful
2023-10-26 09:22:07,855 INFO m.TestNGListener [TestNGListener.java:22] test success: negativeRegistrationBlankEmail
2023-10-26 09:22:07,855 INFO t.BaseTest [BaseTest.java:52] stop method: negativeRegistrationWrongEmail
2023-10-26 09:22:07,869 INFO t.BaseTest [BaseTest.java:47] start method: negativeRegistrationWrongEmail
2023-10-26 09:22:07,870 INFO m.TestNGListener [TestNGListener.java:16] started test: negativeRegistrationWrongEmail
2023-10-26 09:22:07,870 INFO m.WDListener [WDListener.java:83] before find element: By.xpath: //a[contains(@href, '/registration')]
2023-10-26 09:22:07,894 INFO m.WDListener [WDListener.java:89] element found success: By.xpath: //a[contains(@href, '/registration')]
2023-10-26 09:22:07,895 INFO m.WDListener [WDListener.java:95] start method click
2023-10-26 09:22:07,954 INFO m.WDListener [WDListener.java:101] done method click
2023-10-26 09:22:07,956 INFO m.WDListener [WDListener.java:83] before find element: By.xpath: //input[@id='name']
2023-10-26 09:22:08,020 INFO m.WDListener [WDListener.java:89] element found success: By.xpath: //input[@id='name']
2023-10-26 09:22:08,020 INFO m.WDListener [WDListener.java:95] start method click
2023-10-26 09:22:08,100 INFO m.WDListener [WDListener.java:101] done method click
2023-10-26 09:22:08,273 INFO m.WDListener [WDListener.java:83] before find element: By.xpath: //input[@id='lastName']
2023-10-26 09:22:08,296 INFO m.WDListener [WDListener.java:89] element found success: By.xpath: //input[@id='lastName']
2023-10-26 09:22:08,296 INFO m.WDListener [WDListener.java:95] start method click
2023-10-26 09:22:08,362 INFO m.WDListener [WDListener.java:101] done method click
2023-10-26 09:22:08,500 INFO m.WDListener [WDListener.java:83] before find element: By.xpath: //input[@id='email']
2023-10-26 09:22:08,518 INFO m.WDListener [WDListener.java:89] element found success: By.xpath: //input[@id='email']
2023-10-26 09:22:08,519 INFO m.WDListener [WDListener.java:95] start method click
2023-10-26 09:22:08,594 INFO m.WDListener [WDListener.java:101] done method click
2023-10-26 09:22:08,726 INFO m.WDListener [WDListener.java:83] before find element: By.xpath: //input[@id='password']
2023-10-26 09:22:08,759 INFO m.WDListener [WDListener.java:89] element found success: By.xpath: //input[@id='password']
2023-10-26 09:22:08,759 INFO m.WDListener [WDListener.java:95] start method click
2023-10-26 09:22:08,826 INFO m.WDListener [WDListener.java:101] done method click
2023-10-26 09:22:09,009 INFO m.WDListener [WDListener.java:83] before find element: By.xpath: //label[@for='terms-of-use']
2023-10-26 09:22:09,032 INFO m.WDListener [WDListener.java:89] element found success: By.xpath: //label[@for='terms-of-use']
2023-10-26 09:22:09,069 INFO m.WDListener [WDListener.java:139] start on exception in WDListener class
2023-10-26 09:22:09,069 INFO m.WDListener [WDListener.java:141] created name for the screenshot: src/test/java/screenshots/screenshot-2023-10-26_09_22_09.png
2023-10-26 09:22:09,069 ERROR m.WDListener [WDListener.java:142] move target out of bounds
  (Session info: chrome=118.0.5993.89)
Build info: version: '3.141.59', revision: 'e82be7d358', time: '2018-11-14T08:17:03'
System info: host: 'LAPTOP-259RB9PK', ip: '192.168.1.58', os.name: 'Windows 11', os.arch: 'amd64', os.version: '10.0', java.version: '1.8.0_333'
Driver info: org.openqa.selenium.chrome.ChromeDriver
Capabilities {acceptInsecureCerts: false, browserName: chrome, browserVersion: 118.0.5993.89, chrome: {chromedriverVersion: 118.0.5993.70 (e52f33f30b91..., userDataDir: C:\Users\lzhol\AppData\Loca...}, fedcm:accounts: true, goog:chromeOptions: {debuggerAddress: localhost:53282}, javascriptEnabled: true, networkConnectionEnabled: false, pageLoadStrategy: normal, platform: WINDOWS, platformName: WINDOWS, proxy: Proxy(), setWindowRect: true, strictFileInteractability: false, timeouts: {implicit: 0, pageLoad: 300000, script: 30000}, unhandledPromptBehavior: dismiss and notify, webauthn:extension:credBlob: true, webauthn:extension:largeBlob: true, webauthn:extension:minPinLength: true, webauthn:extension:prf: true, webauthn:virtualAuthenticators: true}
Session ID: e73c908a527c93a468db522551122bfa
2023-10-26 09:22:09,069 ERROR m.WDListener [WDListener.java:143] [sun.reflect.NativeConstructorAccessorImpl.newInstance0(Native Method), sun.reflect.NativeConstructorAccessorImpl.newInstance(NativeConstructorAccessorImpl.java:62), sun.reflect.DelegatingConstructorAccessorImpl.newInstance(DelegatingConstructorAccessorImpl.java:45), java.lang.reflect.Constructor.newInstance(Constructor.java:423), org.openqa.selenium.remote.http.W3CHttpResponseCodec.createException(W3CHttpResponseCodec.java:187), org.openqa.selenium.remote.http.W3CHttpResponseCodec.decode(W3CHttpResponseCodec.java:122), org.openqa.selenium.remote.http.W3CHttpResponseCodec.decode(W3CHttpResponseCodec.java:49), org.openqa.selenium.remote.HttpCommandExecutor.execute(HttpCommandExecutor.java:158), org.openqa.selenium.remote.service.DriverCommandExecutor.execute(DriverCommandExecutor.java:83), org.openqa.selenium.remote.RemoteWebDriver.execute(RemoteWebDriver.java:552), org.openqa.selenium.remote.RemoteWebDriver.perform(RemoteWebDriver.java:618), sun.reflect.NativeMethodAccessorImpl.invoke0(Native Method), sun.reflect.NativeMethodAccessorImpl.invoke(NativeMethodAccessorImpl.java:62), sun.reflect.DelegatingMethodAccessorImpl.invoke(DelegatingMethodAccessorImpl.java:43), java.lang.reflect.Method.invoke(Method.java:498), org.openqa.selenium.support.events.EventFiringWebDriver.lambda$new$1(EventFiringWebDriver.java:105), com.sun.proxy.$Proxy14.perform(Unknown Source), org.openqa.selenium.support.events.EventFiringWebDriver.perform(EventFiringWebDriver.java:360), org.openqa.selenium.interactions.Actions$BuiltAction.perform(Actions.java:639), org.openqa.selenium.interactions.Actions.perform(Actions.java:595), manager.BaseHelper.clickByXY(BaseHelper.java:106), manager.UserHelper.fillRegistrationForm(UserHelper.java:75), tests.RegistrationTests.negativeRegistrationWrongEmail(RegistrationTests.java:51), sun.reflect.NativeMethodAccessorImpl.invoke0(Native Method), sun.reflect.NativeMethodAccessorImpl.invoke(NativeMethodAccessorImpl.java:62), sun.reflect.DelegatingMethodAccessorImpl.invoke(DelegatingMethodAccessorImpl.java:43), java.lang.reflect.Method.invoke(Method.java:498), org.testng.internal.MethodInvocationHelper.invokeMethod(MethodInvocationHelper.java:133), org.testng.internal.TestInvoker.invokeMethod(TestInvoker.java:598), org.testng.internal.TestInvoker.invokeTestMethod(TestInvoker.java:173), org.testng.internal.MethodRunner.runInSequence(MethodRunner.java:46), org.testng.internal.TestInvoker$MethodInvocationAgent.invoke(TestInvoker.java:824), org.testng.internal.TestInvoker.invokeTestMethods(TestInvoker.java:146), org.testng.internal.TestMethodWorker.invokeTestMethods(TestMethodWorker.java:146), org.testng.internal.TestMethodWorker.run(TestMethodWorker.java:128), java.util.ArrayList.forEach(ArrayList.java:1259), org.testng.TestRunner.privateRun(TestRunner.java:794), org.testng.TestRunner.run(TestRunner.java:596), org.testng.SuiteRunner.runTest(SuiteRunner.java:377), org.testng.SuiteRunner.runSequentially(SuiteRunner.java:371), org.testng.SuiteRunner.privateRun(SuiteRunner.java:332), org.testng.SuiteRunner.run(SuiteRunner.java:276), org.testng.SuiteRunnerWorker.runSuite(SuiteRunnerWorker.java:53), org.testng.SuiteRunnerWorker.run(SuiteRunnerWorker.java:96), org.testng.TestNG.runSuitesSequentially(TestNG.java:1212), org.testng.TestNG.runSuitesLocally(TestNG.java:1134), org.testng.TestNG.runSuites(TestNG.java:1063), org.testng.TestNG.run(TestNG.java:1031), org.gradle.api.internal.tasks.testing.testng.TestNGTestClassProcessor.runTests(TestNGTestClassProcessor.java:141), org.gradle.api.internal.tasks.testing.testng.TestNGTestClassProcessor.stop(TestNGTestClassProcessor.java:90), org.gradle.api.internal.tasks.testing.SuiteTestClassProcessor.stop(SuiteTestClassProcessor.java:61), sun.reflect.NativeMethodAccessorImpl.invoke0(Native Method), sun.reflect.NativeMethodAccessorImpl.invoke(NativeMethodAccessorImpl.java:62), sun.reflect.DelegatingMethodAccessorImpl.invoke(DelegatingMethodAccessorImpl.java:43), java.lang.reflect.Method.invoke(Method.java:498), org.gradle.internal.dispatch.ReflectionDispatch.dispatch(ReflectionDispatch.java:36), org.gradle.internal.dispatch.ReflectionDispatch.dispatch(ReflectionDispatch.java:24), org.gradle.internal.dispatch.ContextClassLoaderDispatch.dispatch(ContextClassLoaderDispatch.java:33), org.gradle.internal.dispatch.ProxyDispatchAdapter$DispatchingInvocationHandler.invoke(ProxyDispatchAdapter.java:94), com.sun.proxy.$Proxy2.stop(Unknown Source), org.gradle.api.internal.tasks.testing.worker.TestWorker$3.run(TestWorker.java:193), org.gradle.api.internal.tasks.testing.worker.TestWorker.executeAndMaintainThreadName(TestWorker.java:129), org.gradle.api.internal.tasks.testing.worker.TestWorker.execute(TestWorker.java:100), org.gradle.api.internal.tasks.testing.worker.TestWorker.execute(TestWorker.java:60), org.gradle.process.internal.worker.child.ActionExecutionWorker.execute(ActionExecutionWorker.java:56), org.gradle.process.internal.worker.child.SystemApplicationClassLoaderWorker.call(SystemApplicationClassLoaderWorker.java:133), org.gradle.process.internal.worker.child.SystemApplicationClassLoaderWorker.call(SystemApplicationClassLoaderWorker.java:71), worker.org.gradle.process.internal.worker.GradleWorkerMain.run(GradleWorkerMain.java:69), worker.org.gradle.process.internal.worker.GradleWorkerMain.main(GradleWorkerMain.java:74)]
2023-10-26 09:22:09,069 ERROR m.WDListener [WDListener.java:144] org.openqa.selenium.interactions.MoveTargetOutOfBoundsException: move target out of bounds
  (Session info: chrome=118.0.5993.89)
Build info: version: '3.141.59', revision: 'e82be7d358', time: '2018-11-14T08:17:03'
System info: host: 'LAPTOP-259RB9PK', ip: '192.168.1.58', os.name: 'Windows 11', os.arch: 'amd64', os.version: '10.0', java.version: '1.8.0_333'
Driver info: org.openqa.selenium.chrome.ChromeDriver
Capabilities {acceptInsecureCerts: false, browserName: chrome, browserVersion: 118.0.5993.89, chrome: {chromedriverVersion: 118.0.5993.70 (e52f33f30b91..., userDataDir: C:\Users\lzhol\AppData\Loca...}, fedcm:accounts: true, goog:chromeOptions: {debuggerAddress: localhost:53282}, javascriptEnabled: true, networkConnectionEnabled: false, pageLoadStrategy: normal, platform: WINDOWS, platformName: WINDOWS, proxy: Proxy(), setWindowRect: true, strictFileInteractability: false, timeouts: {implicit: 0, pageLoad: 300000, script: 30000}, unhandledPromptBehavior: dismiss and notify, webauthn:extension:credBlob: true, webauthn:extension:largeBlob: true, webauthn:extension:minPinLength: true, webauthn:extension:prf: true, webauthn:virtualAuthenticators: true}
Session ID: e73c908a527c93a468db522551122bfa
2023-10-26 09:22:09,964 INFO m.TestNGListener [TestNGListener.java:28] test failure: negativeRegistrationWrongEmail
2023-10-26 09:22:09,968 INFO t.BaseTest [BaseTest.java:52] stop method: negativeRegistrationWrongPassword
2023-10-26 09:22:09,968 INFO t.BaseTest [BaseTest.java:47] start method: negativeRegistrationWrongPassword
2023-10-26 09:22:09,968 INFO m.TestNGListener [TestNGListener.java:16] started test: negativeRegistrationWrongPassword
2023-10-26 09:22:09,968 INFO m.WDListener [WDListener.java:83] before find element: By.xpath: //a[contains(@href, '/registration')]
2023-10-26 09:22:09,986 INFO m.WDListener [WDListener.java:89] element found success: By.xpath: //a[contains(@href, '/registration')]
2023-10-26 09:22:09,986 INFO m.WDListener [WDListener.java:95] start method click
2023-10-26 09:22:10,067 INFO m.WDListener [WDListener.java:101] done method click
2023-10-26 09:22:10,069 INFO m.WDListener [WDListener.java:83] before find element: By.xpath: //input[@id='name']
2023-10-26 09:22:10,094 INFO m.WDListener [WDListener.java:89] element found success: By.xpath: //input[@id='name']
2023-10-26 09:22:10,095 INFO m.WDListener [WDListener.java:95] start method click
2023-10-26 09:22:10,158 INFO m.WDListener [WDListener.java:101] done method click
2023-10-26 09:22:10,312 INFO m.WDListener [WDListener.java:83] before find element: By.xpath: //input[@id='lastName']
2023-10-26 09:22:10,329 INFO m.WDListener [WDListener.java:89] element found success: By.xpath: //input[@id='lastName']
2023-10-26 09:22:10,329 INFO m.WDListener [WDListener.java:95] start method click
2023-10-26 09:22:10,413 INFO m.WDListener [WDListener.java:101] done method click
2023-10-26 09:22:10,592 INFO m.WDListener [WDListener.java:83] before find element: By.xpath: //input[@id='email']
2023-10-26 09:22:10,622 INFO m.WDListener [WDListener.java:89] element found success: By.xpath: //input[@id='email']
2023-10-26 09:22:10,622 INFO m.WDListener [WDListener.java:95] start method click
2023-10-26 09:22:10,796 INFO m.WDListener [WDListener.java:101] done method click
2023-10-26 09:22:11,085 INFO m.WDListener [WDListener.java:83] before find element: By.xpath: //input[@id='password']
2023-10-26 09:22:11,132 INFO m.WDListener [WDListener.java:89] element found success: By.xpath: //input[@id='password']
2023-10-26 09:22:11,136 INFO m.WDListener [WDListener.java:95] start method click
2023-10-26 09:22:11,307 INFO m.WDListener [WDListener.java:101] done method click
2023-10-26 09:22:11,664 INFO m.WDListener [WDListener.java:83] before find element: By.xpath: //label[@for='terms-of-use']
2023-10-26 09:22:11,711 INFO m.WDListener [WDListener.java:89] element found success: By.xpath: //label[@for='terms-of-use']
2023-10-26 09:22:11,800 INFO m.WDListener [WDListener.java:139] start on exception in WDListener class
2023-10-26 09:22:11,800 INFO m.WDListener [WDListener.java:141] created name for the screenshot: src/test/java/screenshots/screenshot-2023-10-26_09_22_11.png
2023-10-26 09:22:11,801 ERROR m.WDListener [WDListener.java:142] move target out of bounds
  (Session info: chrome=118.0.5993.89)
Build info: version: '3.141.59', revision: 'e82be7d358', time: '2018-11-14T08:17:03'
System info: host: 'LAPTOP-259RB9PK', ip: '192.168.1.58', os.name: 'Windows 11', os.arch: 'amd64', os.version: '10.0', java.version: '1.8.0_333'
Driver info: org.openqa.selenium.chrome.ChromeDriver
Capabilities {acceptInsecureCerts: false, browserName: chrome, browserVersion: 118.0.5993.89, chrome: {chromedriverVersion: 118.0.5993.70 (e52f33f30b91..., userDataDir: C:\Users\lzhol\AppData\Loca...}, fedcm:accounts: true, goog:chromeOptions: {debuggerAddress: localhost:53282}, javascriptEnabled: true, networkConnectionEnabled: false, pageLoadStrategy: normal, platform: WINDOWS, platformName: WINDOWS, proxy: Proxy(), setWindowRect: true, strictFileInteractability: false, timeouts: {implicit: 0, pageLoad: 300000, script: 30000}, unhandledPromptBehavior: dismiss and notify, webauthn:extension:credBlob: true, webauthn:extension:largeBlob: true, webauthn:extension:minPinLength: true, webauthn:extension:prf: true, webauthn:virtualAuthenticators: true}
Session ID: e73c908a527c93a468db522551122bfa
2023-10-26 09:22:11,802 ERROR m.WDListener [WDListener.java:143] [sun.reflect.NativeConstructorAccessorImpl.newInstance0(Native Method), sun.reflect.NativeConstructorAccessorImpl.newInstance(NativeConstructorAccessorImpl.java:62), sun.reflect.DelegatingConstructorAccessorImpl.newInstance(DelegatingConstructorAccessorImpl.java:45), java.lang.reflect.Constructor.newInstance(Constructor.java:423), org.openqa.selenium.remote.http.W3CHttpResponseCodec.createException(W3CHttpResponseCodec.java:187), org.openqa.selenium.remote.http.W3CHttpResponseCodec.decode(W3CHttpResponseCodec.java:122), org.openqa.selenium.remote.http.W3CHttpResponseCodec.decode(W3CHttpResponseCodec.java:49), org.openqa.selenium.remote.HttpCommandExecutor.execute(HttpCommandExecutor.java:158), org.openqa.selenium.remote.service.DriverCommandExecutor.execute(DriverCommandExecutor.java:83), org.openqa.selenium.remote.RemoteWebDriver.execute(RemoteWebDriver.java:552), org.openqa.selenium.remote.RemoteWebDriver.perform(RemoteWebDriver.java:618), sun.reflect.NativeMethodAccessorImpl.invoke0(Native Method), sun.reflect.NativeMethodAccessorImpl.invoke(NativeMethodAccessorImpl.java:62), sun.reflect.DelegatingMethodAccessorImpl.invoke(DelegatingMethodAccessorImpl.java:43), java.lang.reflect.Method.invoke(Method.java:498), org.openqa.selenium.support.events.EventFiringWebDriver.lambda$new$1(EventFiringWebDriver.java:105), com.sun.proxy.$Proxy14.perform(Unknown Source), org.openqa.selenium.support.events.EventFiringWebDriver.perform(EventFiringWebDriver.java:360), org.openqa.selenium.interactions.Actions$BuiltAction.perform(Actions.java:639), org.openqa.selenium.interactions.Actions.perform(Actions.java:595), manager.BaseHelper.clickByXY(BaseHelper.java:106), manager.UserHelper.fillRegistrationForm(UserHelper.java:75), tests.RegistrationTests.negativeRegistrationWrongPassword(RegistrationTests.java:66), sun.reflect.NativeMethodAccessorImpl.invoke0(Native Method), sun.reflect.NativeMethodAccessorImpl.invoke(NativeMethodAccessorImpl.java:62), sun.reflect.DelegatingMethodAccessorImpl.invoke(DelegatingMethodAccessorImpl.java:43), java.lang.reflect.Method.invoke(Method.java:498), org.testng.internal.MethodInvocationHelper.invokeMethod(MethodInvocationHelper.java:133), org.testng.internal.TestInvoker.invokeMethod(TestInvoker.java:598), org.testng.internal.TestInvoker.invokeTestMethod(TestInvoker.java:173), org.testng.internal.MethodRunner.runInSequence(MethodRunner.java:46), org.testng.internal.TestInvoker$MethodInvocationAgent.invoke(TestInvoker.java:824), org.testng.internal.TestInvoker.invokeTestMethods(TestInvoker.java:146), org.testng.internal.TestMethodWorker.invokeTestMethods(TestMethodWorker.java:146), org.testng.internal.TestMethodWorker.run(TestMethodWorker.java:128), java.util.ArrayList.forEach(ArrayList.java:1259), org.testng.TestRunner.privateRun(TestRunner.java:794), org.testng.TestRunner.run(TestRunner.java:596), org.testng.SuiteRunner.runTest(SuiteRunner.java:377), org.testng.SuiteRunner.runSequentially(SuiteRunner.java:371), org.testng.SuiteRunner.privateRun(SuiteRunner.java:332), org.testng.SuiteRunner.run(SuiteRunner.java:276), org.testng.SuiteRunnerWorker.runSuite(SuiteRunnerWorker.java:53), org.testng.SuiteRunnerWorker.run(SuiteRunnerWorker.java:96), org.testng.TestNG.runSuitesSequentially(TestNG.java:1212), org.testng.TestNG.runSuitesLocally(TestNG.java:1134), org.testng.TestNG.runSuites(TestNG.java:1063), org.testng.TestNG.run(TestNG.java:1031), org.gradle.api.internal.tasks.testing.testng.TestNGTestClassProcessor.runTests(TestNGTestClassProcessor.java:141), org.gradle.api.internal.tasks.testing.testng.TestNGTestClassProcessor.stop(TestNGTestClassProcessor.java:90), org.gradle.api.internal.tasks.testing.SuiteTestClassProcessor.stop(SuiteTestClassProcessor.java:61), sun.reflect.NativeMethodAccessorImpl.invoke0(Native Method), sun.reflect.NativeMethodAccessorImpl.invoke(NativeMethodAccessorImpl.java:62), sun.reflect.DelegatingMethodAccessorImpl.invoke(DelegatingMethodAccessorImpl.java:43), java.lang.reflect.Method.invoke(Method.java:498), org.gradle.internal.dispatch.ReflectionDispatch.dispatch(ReflectionDispatch.java:36), org.gradle.internal.dispatch.ReflectionDispatch.dispatch(ReflectionDispatch.java:24), org.gradle.internal.dispatch.ContextClassLoaderDispatch.dispatch(ContextClassLoaderDispatch.java:33), org.gradle.internal.dispatch.ProxyDispatchAdapter$DispatchingInvocationHandler.invoke(ProxyDispatchAdapter.java:94), com.sun.proxy.$Proxy2.stop(Unknown Source), org.gradle.api.internal.tasks.testing.worker.TestWorker$3.run(TestWorker.java:193), org.gradle.api.internal.tasks.testing.worker.TestWorker.executeAndMaintainThreadName(TestWorker.java:129), org.gradle.api.internal.tasks.testing.worker.TestWorker.execute(TestWorker.java:100), org.gradle.api.internal.tasks.testing.worker.TestWorker.execute(TestWorker.java:60), org.gradle.process.internal.worker.child.ActionExecutionWorker.execute(ActionExecutionWorker.java:56), org.gradle.process.internal.worker.child.SystemApplicationClassLoaderWorker.call(SystemApplicationClassLoaderWorker.java:133), org.gradle.process.internal.worker.child.SystemApplicationClassLoaderWorker.call(SystemApplicationClassLoaderWorker.java:71), worker.org.gradle.process.internal.worker.GradleWorkerMain.run(GradleWorkerMain.java:69), worker.org.gradle.process.internal.worker.GradleWorkerMain.main(GradleWorkerMain.java:74)]
2023-10-26 09:22:11,802 ERROR m.WDListener [WDListener.java:144] org.openqa.selenium.interactions.MoveTargetOutOfBoundsException: move target out of bounds
  (Session info: chrome=118.0.5993.89)
Build info: version: '3.141.59', revision: 'e82be7d358', time: '2018-11-14T08:17:03'
System info: host: 'LAPTOP-259RB9PK', ip: '192.168.1.58', os.name: 'Windows 11', os.arch: 'amd64', os.version: '10.0', java.version: '1.8.0_333'
Driver info: org.openqa.selenium.chrome.ChromeDriver
Capabilities {acceptInsecureCerts: false, browserName: chrome, browserVersion: 118.0.5993.89, chrome: {chromedriverVersion: 118.0.5993.70 (e52f33f30b91..., userDataDir: C:\Users\lzhol\AppData\Loca...}, fedcm:accounts: true, goog:chromeOptions: {debuggerAddress: localhost:53282}, javascriptEnabled: true, networkConnectionEnabled: false, pageLoadStrategy: normal, platform: WINDOWS, platformName: WINDOWS, proxy: Proxy(), setWindowRect: true, strictFileInteractability: false, timeouts: {implicit: 0, pageLoad: 300000, script: 30000}, unhandledPromptBehavior: dismiss and notify, webauthn:extension:credBlob: true, webauthn:extension:largeBlob: true, webauthn:extension:minPinLength: true, webauthn:extension:prf: true, webauthn:virtualAuthenticators: true}
Session ID: e73c908a527c93a468db522551122bfa
2023-10-26 09:22:12,927 INFO m.TestNGListener [TestNGListener.java:28] test failure: negativeRegistrationWrongPassword
2023-10-26 09:22:12,927 INFO t.BaseTest [BaseTest.java:52] stop method: positiveRegistration
2023-10-26 09:22:12,927 INFO t.BaseTest [BaseTest.java:47] start method: positiveRegistration
2023-10-26 09:22:12,927 INFO m.TestNGListener [TestNGListener.java:16] started test: positiveRegistration
2023-10-26 09:22:12,927 INFO m.WDListener [WDListener.java:83] before find element: By.xpath: //a[contains(@href, '/registration')]
2023-10-26 09:22:12,952 INFO m.WDListener [WDListener.java:89] element found success: By.xpath: //a[contains(@href, '/registration')]
2023-10-26 09:22:12,952 INFO m.WDListener [WDListener.java:95] start method click
2023-10-26 09:22:13,011 INFO m.WDListener [WDListener.java:101] done method click
2023-10-26 09:22:13,012 INFO m.WDListener [WDListener.java:83] before find element: By.xpath: //input[@id='name']
2023-10-26 09:22:13,040 INFO m.WDListener [WDListener.java:89] element found success: By.xpath: //input[@id='name']
2023-10-26 09:22:13,041 INFO m.WDListener [WDListener.java:95] start method click
2023-10-26 09:22:13,100 INFO m.WDListener [WDListener.java:101] done method click
2023-10-26 09:22:13,248 INFO m.WDListener [WDListener.java:83] before find element: By.xpath: //input[@id='lastName']
2023-10-26 09:22:13,265 INFO m.WDListener [WDListener.java:89] element found success: By.xpath: //input[@id='lastName']
2023-10-26 09:22:13,265 INFO m.WDListener [WDListener.java:95] start method click
2023-10-26 09:22:13,335 INFO m.WDListener [WDListener.java:101] done method click
2023-10-26 09:22:13,494 INFO m.WDListener [WDListener.java:83] before find element: By.xpath: //input[@id='email']
2023-10-26 09:22:13,515 INFO m.WDListener [WDListener.java:89] element found success: By.xpath: //input[@id='email']
2023-10-26 09:22:13,515 INFO m.WDListener [WDListener.java:95] start method click
2023-10-26 09:22:13,578 INFO m.WDListener [WDListener.java:101] done method click
2023-10-26 09:22:13,788 INFO m.WDListener [WDListener.java:83] before find element: By.xpath: //input[@id='password']
2023-10-26 09:22:13,815 INFO m.WDListener [WDListener.java:89] element found success: By.xpath: //input[@id='password']
2023-10-26 09:22:13,815 INFO m.WDListener [WDListener.java:95] start method click
2023-10-26 09:22:13,909 INFO m.WDListener [WDListener.java:101] done method click
2023-10-26 09:22:14,090 INFO m.WDListener [WDListener.java:83] before find element: By.xpath: //label[@for='terms-of-use']
2023-10-26 09:22:14,115 INFO m.WDListener [WDListener.java:89] element found success: By.xpath: //label[@for='terms-of-use']
2023-10-26 09:22:14,158 INFO m.WDListener [WDListener.java:139] start on exception in WDListener class
2023-10-26 09:22:14,158 INFO m.WDListener [WDListener.java:141] created name for the screenshot: src/test/java/screenshots/screenshot-2023-10-26_09_22_14.png
2023-10-26 09:22:14,158 ERROR m.WDListener [WDListener.java:142] move target out of bounds
  (Session info: chrome=118.0.5993.89)
Build info: version: '3.141.59', revision: 'e82be7d358', time: '2018-11-14T08:17:03'
System info: host: 'LAPTOP-259RB9PK', ip: '192.168.1.58', os.name: 'Windows 11', os.arch: 'amd64', os.version: '10.0', java.version: '1.8.0_333'
Driver info: org.openqa.selenium.chrome.ChromeDriver
Capabilities {acceptInsecureCerts: false, browserName: chrome, browserVersion: 118.0.5993.89, chrome: {chromedriverVersion: 118.0.5993.70 (e52f33f30b91..., userDataDir: C:\Users\lzhol\AppData\Loca...}, fedcm:accounts: true, goog:chromeOptions: {debuggerAddress: localhost:53282}, javascriptEnabled: true, networkConnectionEnabled: false, pageLoadStrategy: normal, platform: WINDOWS, platformName: WINDOWS, proxy: Proxy(), setWindowRect: true, strictFileInteractability: false, timeouts: {implicit: 0, pageLoad: 300000, script: 30000}, unhandledPromptBehavior: dismiss and notify, webauthn:extension:credBlob: true, webauthn:extension:largeBlob: true, webauthn:extension:minPinLength: true, webauthn:extension:prf: true, webauthn:virtualAuthenticators: true}
Session ID: e73c908a527c93a468db522551122bfa
2023-10-26 09:22:14,158 ERROR m.WDListener [WDListener.java:143] [sun.reflect.NativeConstructorAccessorImpl.newInstance0(Native Method), sun.reflect.NativeConstructorAccessorImpl.newInstance(NativeConstructorAccessorImpl.java:62), sun.reflect.DelegatingConstructorAccessorImpl.newInstance(DelegatingConstructorAccessorImpl.java:45), java.lang.reflect.Constructor.newInstance(Constructor.java:423), org.openqa.selenium.remote.http.W3CHttpResponseCodec.createException(W3CHttpResponseCodec.java:187), org.openqa.selenium.remote.http.W3CHttpResponseCodec.decode(W3CHttpResponseCodec.java:122), org.openqa.selenium.remote.http.W3CHttpResponseCodec.decode(W3CHttpResponseCodec.java:49), org.openqa.selenium.remote.HttpCommandExecutor.execute(HttpCommandExecutor.java:158), org.openqa.selenium.remote.service.DriverCommandExecutor.execute(DriverCommandExecutor.java:83), org.openqa.selenium.remote.RemoteWebDriver.execute(RemoteWebDriver.java:552), org.openqa.selenium.remote.RemoteWebDriver.perform(RemoteWebDriver.java:618), sun.reflect.NativeMethodAccessorImpl.invoke0(Native Method), sun.reflect.NativeMethodAccessorImpl.invoke(NativeMethodAccessorImpl.java:62), sun.reflect.DelegatingMethodAccessorImpl.invoke(DelegatingMethodAccessorImpl.java:43), java.lang.reflect.Method.invoke(Method.java:498), org.openqa.selenium.support.events.EventFiringWebDriver.lambda$new$1(EventFiringWebDriver.java:105), com.sun.proxy.$Proxy14.perform(Unknown Source), org.openqa.selenium.support.events.EventFiringWebDriver.perform(EventFiringWebDriver.java:360), org.openqa.selenium.interactions.Actions$BuiltAction.perform(Actions.java:639), org.openqa.selenium.interactions.Actions.perform(Actions.java:595), manager.BaseHelper.clickByXY(BaseHelper.java:106), manager.UserHelper.fillRegistrationForm(UserHelper.java:75), tests.RegistrationTests.positiveRegistration(RegistrationTests.java:36), sun.reflect.NativeMethodAccessorImpl.invoke0(Native Method), sun.reflect.NativeMethodAccessorImpl.invoke(NativeMethodAccessorImpl.java:62), sun.reflect.DelegatingMethodAccessorImpl.invoke(DelegatingMethodAccessorImpl.java:43), java.lang.reflect.Method.invoke(Method.java:498), org.testng.internal.MethodInvocationHelper.invokeMethod(MethodInvocationHelper.java:133), org.testng.internal.TestInvoker.invokeMethod(TestInvoker.java:598), org.testng.internal.TestInvoker.invokeTestMethod(TestInvoker.java:173), org.testng.internal.MethodRunner.runInSequence(MethodRunner.java:46), org.testng.internal.TestInvoker$MethodInvocationAgent.invoke(TestInvoker.java:824), org.testng.internal.TestInvoker.invokeTestMethods(TestInvoker.java:146), org.testng.internal.TestMethodWorker.invokeTestMethods(TestMethodWorker.java:146), org.testng.internal.TestMethodWorker.run(TestMethodWorker.java:128), java.util.ArrayList.forEach(ArrayList.java:1259), org.testng.TestRunner.privateRun(TestRunner.java:794), org.testng.TestRunner.run(TestRunner.java:596), org.testng.SuiteRunner.runTest(SuiteRunner.java:377), org.testng.SuiteRunner.runSequentially(SuiteRunner.java:371), org.testng.SuiteRunner.privateRun(SuiteRunner.java:332), org.testng.SuiteRunner.run(SuiteRunner.java:276), org.testng.SuiteRunnerWorker.runSuite(SuiteRunnerWorker.java:53), org.testng.SuiteRunnerWorker.run(SuiteRunnerWorker.java:96), org.testng.TestNG.runSuitesSequentially(TestNG.java:1212), org.testng.TestNG.runSuitesLocally(TestNG.java:1134), org.testng.TestNG.runSuites(TestNG.java:1063), org.testng.TestNG.run(TestNG.java:1031), org.gradle.api.internal.tasks.testing.testng.TestNGTestClassProcessor.runTests(TestNGTestClassProcessor.java:141), org.gradle.api.internal.tasks.testing.testng.TestNGTestClassProcessor.stop(TestNGTestClassProcessor.java:90), org.gradle.api.internal.tasks.testing.SuiteTestClassProcessor.stop(SuiteTestClassProcessor.java:61), sun.reflect.NativeMethodAccessorImpl.invoke0(Native Method), sun.reflect.NativeMethodAccessorImpl.invoke(NativeMethodAccessorImpl.java:62), sun.reflect.DelegatingMethodAccessorImpl.invoke(DelegatingMethodAccessorImpl.java:43), java.lang.reflect.Method.invoke(Method.java:498), org.gradle.internal.dispatch.ReflectionDispatch.dispatch(ReflectionDispatch.java:36), org.gradle.internal.dispatch.ReflectionDispatch.dispatch(ReflectionDispatch.java:24), org.gradle.internal.dispatch.ContextClassLoaderDispatch.dispatch(ContextClassLoaderDispatch.java:33), org.gradle.internal.dispatch.ProxyDispatchAdapter$DispatchingInvocationHandler.invoke(ProxyDispatchAdapter.java:94), com.sun.proxy.$Proxy2.stop(Unknown Source), org.gradle.api.internal.tasks.testing.worker.TestWorker$3.run(TestWorker.java:193), org.gradle.api.internal.tasks.testing.worker.TestWorker.executeAndMaintainThreadName(TestWorker.java:129), org.gradle.api.internal.tasks.testing.worker.TestWorker.execute(TestWorker.java:100), org.gradle.api.internal.tasks.testing.worker.TestWorker.execute(TestWorker.java:60), org.gradle.process.internal.worker.child.ActionExecutionWorker.execute(ActionExecutionWorker.java:56), org.gradle.process.internal.worker.child.SystemApplicationClassLoaderWorker.call(SystemApplicationClassLoaderWorker.java:133), org.gradle.process.internal.worker.child.SystemApplicationClassLoaderWorker.call(SystemApplicationClassLoaderWorker.java:71), worker.org.gradle.process.internal.worker.GradleWorkerMain.run(GradleWorkerMain.java:69), worker.org.gradle.process.internal.worker.GradleWorkerMain.main(GradleWorkerMain.java:74)]
2023-10-26 09:22:14,158 ERROR m.WDListener [WDListener.java:144] org.openqa.selenium.interactions.MoveTargetOutOfBoundsException: move target out of bounds
  (Session info: chrome=118.0.5993.89)
Build info: version: '3.141.59', revision: 'e82be7d358', time: '2018-11-14T08:17:03'
System info: host: 'LAPTOP-259RB9PK', ip: '192.168.1.58', os.name: 'Windows 11', os.arch: 'amd64', os.version: '10.0', java.version: '1.8.0_333'
Driver info: org.openqa.selenium.chrome.ChromeDriver
Capabilities {acceptInsecureCerts: false, browserName: chrome, browserVersion: 118.0.5993.89, chrome: {chromedriverVersion: 118.0.5993.70 (e52f33f30b91..., userDataDir: C:\Users\lzhol\AppData\Loca...}, fedcm:accounts: true, goog:chromeOptions: {debuggerAddress: localhost:53282}, javascriptEnabled: true, networkConnectionEnabled: false, pageLoadStrategy: normal, platform: WINDOWS, platformName: WINDOWS, proxy: Proxy(), setWindowRect: true, strictFileInteractability: false, timeouts: {implicit: 0, pageLoad: 300000, script: 30000}, unhandledPromptBehavior: dismiss and notify, webauthn:extension:credBlob: true, webauthn:extension:largeBlob: true, webauthn:extension:minPinLength: true, webauthn:extension:prf: true, webauthn:virtualAuthenticators: true}
Session ID: e73c908a527c93a468db522551122bfa
2023-10-26 09:22:15,043 INFO m.TestNGListener [TestNGListener.java:28] test failure: positiveRegistration
2023-10-26 09:22:15,043 INFO m.TestNGListener [TestNGListener.java:57] all code executed: passed tests: [ResultMap map=[[TestResult name=negativeRegistrationBlankEmail status=SUCCESS method=RegistrationTests.negativeRegistrationBlankEmail()[pri:0, instance:tests.RegistrationTests@505fc5a4] output={null}]]]
2023-10-26 09:22:15,043 INFO m.TestNGListener [TestNGListener.java:58] all code executed: failed tests: [ResultMap map=[[TestResult name=positiveRegistration status=FAILURE method=RegistrationTests.positiveRegistration()[pri:0, instance:tests.RegistrationTests@505fc5a4] output={null}], [TestResult name=negativeRegistrationWrongPassword status=FAILURE method=RegistrationTests.negativeRegistrationWrongPassword()[pri:0, instance:tests.RegistrationTests@505fc5a4] output={null}], [TestResult name=negativeRegistrationWrongEmail status=FAILURE method=RegistrationTests.negativeRegistrationWrongEmail()[pri:0, instance:tests.RegistrationTests@505fc5a4] output={null}]]]
