2023-10-24 16:28:24,274 INFO m.ApplicationManager [ApplicationManager.java:23] open page: https://ilcarro.web.app/search
2023-10-24 16:28:26,290 INFO m.TestNGListener [TestNGListener.java:51] start test - onstart - : Gradle test
2023-10-24 16:28:26,295 INFO m.WDListener [WDListener.java:83] before find element: By.xpath: //a[contains(@href, 'logout')]
2023-10-24 16:28:36,316 INFO m.WDListener [WDListener.java:89] element found success: By.xpath: //a[contains(@href, 'logout')]
2023-10-24 16:28:36,410 INFO t.BaseTest [BaseTest.java:52] stop method: negativeRegistrationBlankEmail
2023-10-24 16:28:36,426 INFO t.BaseTest [BaseTest.java:47] start method: negativeRegistrationBlankEmail
2023-10-24 16:28:36,426 INFO m.TestNGListener [TestNGListener.java:16] started test: negativeRegistrationBlankEmail
2023-10-24 16:28:36,426 INFO m.WDListener [WDListener.java:83] before find element: By.xpath: //a[contains(@href, '/registration')]
2023-10-24 16:28:36,495 INFO m.WDListener [WDListener.java:89] element found success: By.xpath: //a[contains(@href, '/registration')]
2023-10-24 16:28:36,507 INFO m.WDListener [WDListener.java:95] start method click
2023-10-24 16:28:36,680 INFO m.WDListener [WDListener.java:101] done method click
2023-10-24 16:28:36,682 INFO m.WDListener [WDListener.java:83] before find element: By.xpath: //input[@id='name']
2023-10-24 16:28:36,712 INFO m.WDListener [WDListener.java:89] element found success: By.xpath: //input[@id='name']
2023-10-24 16:28:36,712 INFO m.WDListener [WDListener.java:95] start method click
2023-10-24 16:28:36,875 INFO m.WDListener [WDListener.java:101] done method click
2023-10-24 16:28:37,043 INFO m.WDListener [WDListener.java:83] before find element: By.xpath: //input[@id='lastName']
2023-10-24 16:28:37,076 INFO m.WDListener [WDListener.java:89] element found success: By.xpath: //input[@id='lastName']
2023-10-24 16:28:37,076 INFO m.WDListener [WDListener.java:95] start method click
2023-10-24 16:28:37,203 INFO m.WDListener [WDListener.java:101] done method click
2023-10-24 16:28:37,391 INFO m.WDListener [WDListener.java:83] before find element: By.xpath: //input[@id='email']
2023-10-24 16:28:37,426 INFO m.WDListener [WDListener.java:89] element found success: By.xpath: //input[@id='email']
2023-10-24 16:28:37,426 INFO m.WDListener [WDListener.java:95] start method click
2023-10-24 16:28:37,558 INFO m.WDListener [WDListener.java:101] done method click
2023-10-24 16:28:37,749 INFO m.WDListener [WDListener.java:83] before find element: By.xpath: //input[@id='password']
2023-10-24 16:28:37,800 INFO m.WDListener [WDListener.java:89] element found success: By.xpath: //input[@id='password']
2023-10-24 16:28:37,804 INFO m.WDListener [WDListener.java:95] start method click
2023-10-24 16:28:37,899 INFO m.WDListener [WDListener.java:101] done method click
2023-10-24 16:28:38,090 INFO m.WDListener [WDListener.java:83] before find element: By.xpath: //label[@for='terms-of-use']
2023-10-24 16:28:38,119 INFO m.WDListener [WDListener.java:89] element found success: By.xpath: //label[@for='terms-of-use']
2023-10-24 16:28:38,497 INFO m.WDListener [WDListener.java:83] before find element: By.xpath: //button[@type='submit']
2023-10-24 16:28:38,540 INFO m.WDListener [WDListener.java:89] element found success: By.xpath: //button[@type='submit']
2023-10-24 16:28:38,540 INFO m.WDListener [WDListener.java:95] start method click
2023-10-24 16:28:38,609 INFO m.WDListener [WDListener.java:101] done method click
2023-10-24 16:28:38,612 INFO m.WDListener [WDListener.java:83] before find element: By.xpath: //input[@autocomplete='email']/..//div//div
2023-10-24 16:28:38,653 INFO m.WDListener [WDListener.java:89] element found success: By.xpath: //input[@autocomplete='email']/..//div//div
2023-10-24 16:28:38,705 INFO m.WDListener [WDListener.java:173] get text from the element with text: Email is required
2023-10-24 16:28:38,718 INFO m.WDListener [WDListener.java:179] got the text successful
2023-10-24 16:28:38,727 INFO m.TestNGListener [TestNGListener.java:22] test success: negativeRegistrationBlankEmail
2023-10-24 16:28:38,727 INFO t.BaseTest [BaseTest.java:52] stop method: negativeRegistrationWrongEmail
2023-10-24 16:28:38,727 INFO t.BaseTest [BaseTest.java:47] start method: negativeRegistrationWrongEmail
2023-10-24 16:28:38,727 INFO m.TestNGListener [TestNGListener.java:16] started test: negativeRegistrationWrongEmail
2023-10-24 16:28:38,741 INFO m.WDListener [WDListener.java:83] before find element: By.xpath: //a[contains(@href, '/registration')]
2023-10-24 16:28:38,757 INFO m.WDListener [WDListener.java:89] element found success: By.xpath: //a[contains(@href, '/registration')]
2023-10-24 16:28:38,772 INFO m.WDListener [WDListener.java:95] start method click
2023-10-24 16:28:38,882 INFO m.WDListener [WDListener.java:101] done method click
2023-10-24 16:28:38,882 INFO m.WDListener [WDListener.java:83] before find element: By.xpath: //input[@id='name']
2023-10-24 16:28:38,911 INFO m.WDListener [WDListener.java:89] element found success: By.xpath: //input[@id='name']
2023-10-24 16:28:38,911 INFO m.WDListener [WDListener.java:95] start method click
2023-10-24 16:28:39,014 INFO m.WDListener [WDListener.java:101] done method click
2023-10-24 16:28:39,248 INFO m.WDListener [WDListener.java:83] before find element: By.xpath: //input[@id='lastName']
2023-10-24 16:28:39,274 INFO m.WDListener [WDListener.java:89] element found success: By.xpath: //input[@id='lastName']
2023-10-24 16:28:39,274 INFO m.WDListener [WDListener.java:95] start method click
2023-10-24 16:28:39,356 INFO m.WDListener [WDListener.java:101] done method click
2023-10-24 16:28:39,523 INFO m.WDListener [WDListener.java:83] before find element: By.xpath: //input[@id='email']
2023-10-24 16:28:39,579 INFO m.WDListener [WDListener.java:89] element found success: By.xpath: //input[@id='email']
2023-10-24 16:28:39,581 INFO m.WDListener [WDListener.java:95] start method click
2023-10-24 16:28:39,654 INFO m.WDListener [WDListener.java:101] done method click
2023-10-24 16:28:39,884 INFO m.WDListener [WDListener.java:83] before find element: By.xpath: //input[@id='password']
2023-10-24 16:28:39,924 INFO m.WDListener [WDListener.java:89] element found success: By.xpath: //input[@id='password']
2023-10-24 16:28:39,926 INFO m.WDListener [WDListener.java:95] start method click
2023-10-24 16:28:40,115 INFO m.WDListener [WDListener.java:101] done method click
2023-10-24 16:28:40,390 INFO m.WDListener [WDListener.java:83] before find element: By.xpath: //label[@for='terms-of-use']
2023-10-24 16:28:40,422 INFO m.WDListener [WDListener.java:89] element found success: By.xpath: //label[@for='terms-of-use']
2023-10-24 16:28:40,651 INFO m.WDListener [WDListener.java:139] start on exception in WDListener class
2023-10-24 16:28:40,651 INFO m.WDListener [WDListener.java:141] created name for the screenshot: src/test/java/screenshots/screenshot-2023-10-24_16_28_40.png
2023-10-24 16:28:40,651 ERROR m.WDListener [WDListener.java:142] move target out of bounds
  (Session info: chrome=118.0.5993.89)
Build info: version: '3.141.59', revision: 'e82be7d358', time: '2018-11-14T08:17:03'
System info: host: 'LAPTOP-259RB9PK', ip: '192.168.1.58', os.name: 'Windows 11', os.arch: 'amd64', os.version: '10.0', java.version: '1.8.0_333'
Driver info: org.openqa.selenium.chrome.ChromeDriver
Capabilities {acceptInsecureCerts: false, browserName: chrome, browserVersion: 118.0.5993.89, chrome: {chromedriverVersion: 118.0.5993.70 (e52f33f30b91..., userDataDir: C:\Users\lzhol\AppData\Loca...}, fedcm:accounts: true, goog:chromeOptions: {debuggerAddress: localhost:60314}, javascriptEnabled: true, networkConnectionEnabled: false, pageLoadStrategy: normal, platform: WINDOWS, platformName: WINDOWS, proxy: Proxy(), setWindowRect: true, strictFileInteractability: false, timeouts: {implicit: 0, pageLoad: 300000, script: 30000}, unhandledPromptBehavior: dismiss and notify, webauthn:extension:credBlob: true, webauthn:extension:largeBlob: true, webauthn:extension:minPinLength: true, webauthn:extension:prf: true, webauthn:virtualAuthenticators: true}
Session ID: 1e0ca137dce455f2b20dbf35a353379b
2023-10-24 16:28:40,651 ERROR m.WDListener [WDListener.java:143] [sun.reflect.NativeConstructorAccessorImpl.newInstance0(Native Method), sun.reflect.NativeConstructorAccessorImpl.newInstance(NativeConstructorAccessorImpl.java:62), sun.reflect.DelegatingConstructorAccessorImpl.newInstance(DelegatingConstructorAccessorImpl.java:45), java.lang.reflect.Constructor.newInstance(Constructor.java:423), org.openqa.selenium.remote.http.W3CHttpResponseCodec.createException(W3CHttpResponseCodec.java:187), org.openqa.selenium.remote.http.W3CHttpResponseCodec.decode(W3CHttpResponseCodec.java:122), org.openqa.selenium.remote.http.W3CHttpResponseCodec.decode(W3CHttpResponseCodec.java:49), org.openqa.selenium.remote.HttpCommandExecutor.execute(HttpCommandExecutor.java:158), org.openqa.selenium.remote.service.DriverCommandExecutor.execute(DriverCommandExecutor.java:83), org.openqa.selenium.remote.RemoteWebDriver.execute(RemoteWebDriver.java:552), org.openqa.selenium.remote.RemoteWebDriver.perform(RemoteWebDriver.java:618), sun.reflect.NativeMethodAccessorImpl.invoke0(Native Method), sun.reflect.NativeMethodAccessorImpl.invoke(NativeMethodAccessorImpl.java:62), sun.reflect.DelegatingMethodAccessorImpl.invoke(DelegatingMethodAccessorImpl.java:43), java.lang.reflect.Method.invoke(Method.java:498), org.openqa.selenium.support.events.EventFiringWebDriver.lambda$new$1(EventFiringWebDriver.java:105), com.sun.proxy.$Proxy14.perform(Unknown Source), org.openqa.selenium.support.events.EventFiringWebDriver.perform(EventFiringWebDriver.java:360), org.openqa.selenium.interactions.Actions$BuiltAction.perform(Actions.java:639), org.openqa.selenium.interactions.Actions.perform(Actions.java:595), manager.BaseHelper.clickByXY(BaseHelper.java:106), manager.UserHelper.fillRegistrationForm(UserHelper.java:75), tests.RegistrationTests.negativeRegistrationWrongEmail(RegistrationTests.java:50), sun.reflect.NativeMethodAccessorImpl.invoke0(Native Method), sun.reflect.NativeMethodAccessorImpl.invoke(NativeMethodAccessorImpl.java:62), sun.reflect.DelegatingMethodAccessorImpl.invoke(DelegatingMethodAccessorImpl.java:43), java.lang.reflect.Method.invoke(Method.java:498), org.testng.internal.MethodInvocationHelper.invokeMethod(MethodInvocationHelper.java:133), org.testng.internal.TestInvoker.invokeMethod(TestInvoker.java:598), org.testng.internal.TestInvoker.invokeTestMethod(TestInvoker.java:173), org.testng.internal.MethodRunner.runInSequence(MethodRunner.java:46), org.testng.internal.TestInvoker$MethodInvocationAgent.invoke(TestInvoker.java:824), org.testng.internal.TestInvoker.invokeTestMethods(TestInvoker.java:146), org.testng.internal.TestMethodWorker.invokeTestMethods(TestMethodWorker.java:146), org.testng.internal.TestMethodWorker.run(TestMethodWorker.java:128), java.util.ArrayList.forEach(ArrayList.java:1259), org.testng.TestRunner.privateRun(TestRunner.java:794), org.testng.TestRunner.run(TestRunner.java:596), org.testng.SuiteRunner.runTest(SuiteRunner.java:377), org.testng.SuiteRunner.runSequentially(SuiteRunner.java:371), org.testng.SuiteRunner.privateRun(SuiteRunner.java:332), org.testng.SuiteRunner.run(SuiteRunner.java:276), org.testng.SuiteRunnerWorker.runSuite(SuiteRunnerWorker.java:53), org.testng.SuiteRunnerWorker.run(SuiteRunnerWorker.java:96), org.testng.TestNG.runSuitesSequentially(TestNG.java:1212), org.testng.TestNG.runSuitesLocally(TestNG.java:1134), org.testng.TestNG.runSuites(TestNG.java:1063), org.testng.TestNG.run(TestNG.java:1031), org.gradle.api.internal.tasks.testing.testng.TestNGTestClassProcessor.runTests(TestNGTestClassProcessor.java:141), org.gradle.api.internal.tasks.testing.testng.TestNGTestClassProcessor.stop(TestNGTestClassProcessor.java:90), org.gradle.api.internal.tasks.testing.SuiteTestClassProcessor.stop(SuiteTestClassProcessor.java:61), sun.reflect.NativeMethodAccessorImpl.invoke0(Native Method), sun.reflect.NativeMethodAccessorImpl.invoke(NativeMethodAccessorImpl.java:62), sun.reflect.DelegatingMethodAccessorImpl.invoke(DelegatingMethodAccessorImpl.java:43), java.lang.reflect.Method.invoke(Method.java:498), org.gradle.internal.dispatch.ReflectionDispatch.dispatch(ReflectionDispatch.java:36), org.gradle.internal.dispatch.ReflectionDispatch.dispatch(ReflectionDispatch.java:24), org.gradle.internal.dispatch.ContextClassLoaderDispatch.dispatch(ContextClassLoaderDispatch.java:33), org.gradle.internal.dispatch.ProxyDispatchAdapter$DispatchingInvocationHandler.invoke(ProxyDispatchAdapter.java:94), com.sun.proxy.$Proxy2.stop(Unknown Source), org.gradle.api.internal.tasks.testing.worker.TestWorker$3.run(TestWorker.java:193), org.gradle.api.internal.tasks.testing.worker.TestWorker.executeAndMaintainThreadName(TestWorker.java:129), org.gradle.api.internal.tasks.testing.worker.TestWorker.execute(TestWorker.java:100), org.gradle.api.internal.tasks.testing.worker.TestWorker.execute(TestWorker.java:60), org.gradle.process.internal.worker.child.ActionExecutionWorker.execute(ActionExecutionWorker.java:56), org.gradle.process.internal.worker.child.SystemApplicationClassLoaderWorker.call(SystemApplicationClassLoaderWorker.java:133), org.gradle.process.internal.worker.child.SystemApplicationClassLoaderWorker.call(SystemApplicationClassLoaderWorker.java:71), worker.org.gradle.process.internal.worker.GradleWorkerMain.run(GradleWorkerMain.java:69), worker.org.gradle.process.internal.worker.GradleWorkerMain.main(GradleWorkerMain.java:74)]
2023-10-24 16:28:40,659 ERROR m.WDListener [WDListener.java:144] org.openqa.selenium.interactions.MoveTargetOutOfBoundsException: move target out of bounds
  (Session info: chrome=118.0.5993.89)
Build info: version: '3.141.59', revision: 'e82be7d358', time: '2018-11-14T08:17:03'
System info: host: 'LAPTOP-259RB9PK', ip: '192.168.1.58', os.name: 'Windows 11', os.arch: 'amd64', os.version: '10.0', java.version: '1.8.0_333'
Driver info: org.openqa.selenium.chrome.ChromeDriver
Capabilities {acceptInsecureCerts: false, browserName: chrome, browserVersion: 118.0.5993.89, chrome: {chromedriverVersion: 118.0.5993.70 (e52f33f30b91..., userDataDir: C:\Users\lzhol\AppData\Loca...}, fedcm:accounts: true, goog:chromeOptions: {debuggerAddress: localhost:60314}, javascriptEnabled: true, networkConnectionEnabled: false, pageLoadStrategy: normal, platform: WINDOWS, platformName: WINDOWS, proxy: Proxy(), setWindowRect: true, strictFileInteractability: false, timeouts: {implicit: 0, pageLoad: 300000, script: 30000}, unhandledPromptBehavior: dismiss and notify, webauthn:extension:credBlob: true, webauthn:extension:largeBlob: true, webauthn:extension:minPinLength: true, webauthn:extension:prf: true, webauthn:virtualAuthenticators: true}
Session ID: 1e0ca137dce455f2b20dbf35a353379b
2023-10-24 16:28:41,989 INFO m.TestNGListener [TestNGListener.java:28] test failure: negativeRegistrationWrongEmail
2023-10-24 16:28:42,000 INFO t.BaseTest [BaseTest.java:52] stop method: negativeRegistrationWrongPassword
2023-10-24 16:28:42,000 INFO t.BaseTest [BaseTest.java:47] start method: negativeRegistrationWrongPassword
2023-10-24 16:28:42,000 INFO m.TestNGListener [TestNGListener.java:16] started test: negativeRegistrationWrongPassword
2023-10-24 16:28:42,000 INFO m.WDListener [WDListener.java:83] before find element: By.xpath: //a[contains(@href, '/registration')]
2023-10-24 16:28:42,187 INFO m.WDListener [WDListener.java:89] element found success: By.xpath: //a[contains(@href, '/registration')]
2023-10-24 16:28:42,187 INFO m.WDListener [WDListener.java:95] start method click
2023-10-24 16:28:42,356 INFO m.WDListener [WDListener.java:101] done method click
2023-10-24 16:28:42,359 INFO m.WDListener [WDListener.java:83] before find element: By.xpath: //input[@id='name']
2023-10-24 16:28:42,397 INFO m.WDListener [WDListener.java:89] element found success: By.xpath: //input[@id='name']
2023-10-24 16:28:42,397 INFO m.WDListener [WDListener.java:95] start method click
2023-10-24 16:28:42,491 INFO m.WDListener [WDListener.java:101] done method click
2023-10-24 16:28:42,888 INFO m.WDListener [WDListener.java:83] before find element: By.xpath: //input[@id='lastName']
2023-10-24 16:28:42,912 INFO m.WDListener [WDListener.java:89] element found success: By.xpath: //input[@id='lastName']
2023-10-24 16:28:42,914 INFO m.WDListener [WDListener.java:95] start method click
2023-10-24 16:28:43,051 INFO m.WDListener [WDListener.java:101] done method click
2023-10-24 16:28:43,275 INFO m.WDListener [WDListener.java:83] before find element: By.xpath: //input[@id='email']
2023-10-24 16:28:43,303 INFO m.WDListener [WDListener.java:89] element found success: By.xpath: //input[@id='email']
2023-10-24 16:28:43,303 INFO m.WDListener [WDListener.java:95] start method click
2023-10-24 16:28:43,390 INFO m.WDListener [WDListener.java:101] done method click
2023-10-24 16:28:43,613 INFO m.WDListener [WDListener.java:83] before find element: By.xpath: //input[@id='password']
2023-10-24 16:28:43,656 INFO m.WDListener [WDListener.java:89] element found success: By.xpath: //input[@id='password']
2023-10-24 16:28:43,656 INFO m.WDListener [WDListener.java:95] start method click
2023-10-24 16:28:43,747 INFO m.WDListener [WDListener.java:101] done method click
2023-10-24 16:28:43,972 INFO m.WDListener [WDListener.java:83] before find element: By.xpath: //label[@for='terms-of-use']
2023-10-24 16:28:43,997 INFO m.WDListener [WDListener.java:89] element found success: By.xpath: //label[@for='terms-of-use']
2023-10-24 16:28:44,030 INFO m.WDListener [WDListener.java:139] start on exception in WDListener class
2023-10-24 16:28:44,030 INFO m.WDListener [WDListener.java:141] created name for the screenshot: src/test/java/screenshots/screenshot-2023-10-24_16_28_44.png
2023-10-24 16:28:44,043 ERROR m.WDListener [WDListener.java:142] move target out of bounds
  (Session info: chrome=118.0.5993.89)
Build info: version: '3.141.59', revision: 'e82be7d358', time: '2018-11-14T08:17:03'
System info: host: 'LAPTOP-259RB9PK', ip: '192.168.1.58', os.name: 'Windows 11', os.arch: 'amd64', os.version: '10.0', java.version: '1.8.0_333'
Driver info: org.openqa.selenium.chrome.ChromeDriver
Capabilities {acceptInsecureCerts: false, browserName: chrome, browserVersion: 118.0.5993.89, chrome: {chromedriverVersion: 118.0.5993.70 (e52f33f30b91..., userDataDir: C:\Users\lzhol\AppData\Loca...}, fedcm:accounts: true, goog:chromeOptions: {debuggerAddress: localhost:60314}, javascriptEnabled: true, networkConnectionEnabled: false, pageLoadStrategy: normal, platform: WINDOWS, platformName: WINDOWS, proxy: Proxy(), setWindowRect: true, strictFileInteractability: false, timeouts: {implicit: 0, pageLoad: 300000, script: 30000}, unhandledPromptBehavior: dismiss and notify, webauthn:extension:credBlob: true, webauthn:extension:largeBlob: true, webauthn:extension:minPinLength: true, webauthn:extension:prf: true, webauthn:virtualAuthenticators: true}
Session ID: 1e0ca137dce455f2b20dbf35a353379b
2023-10-24 16:28:44,044 ERROR m.WDListener [WDListener.java:143] [sun.reflect.NativeConstructorAccessorImpl.newInstance0(Native Method), sun.reflect.NativeConstructorAccessorImpl.newInstance(NativeConstructorAccessorImpl.java:62), sun.reflect.DelegatingConstructorAccessorImpl.newInstance(DelegatingConstructorAccessorImpl.java:45), java.lang.reflect.Constructor.newInstance(Constructor.java:423), org.openqa.selenium.remote.http.W3CHttpResponseCodec.createException(W3CHttpResponseCodec.java:187), org.openqa.selenium.remote.http.W3CHttpResponseCodec.decode(W3CHttpResponseCodec.java:122), org.openqa.selenium.remote.http.W3CHttpResponseCodec.decode(W3CHttpResponseCodec.java:49), org.openqa.selenium.remote.HttpCommandExecutor.execute(HttpCommandExecutor.java:158), org.openqa.selenium.remote.service.DriverCommandExecutor.execute(DriverCommandExecutor.java:83), org.openqa.selenium.remote.RemoteWebDriver.execute(RemoteWebDriver.java:552), org.openqa.selenium.remote.RemoteWebDriver.perform(RemoteWebDriver.java:618), sun.reflect.NativeMethodAccessorImpl.invoke0(Native Method), sun.reflect.NativeMethodAccessorImpl.invoke(NativeMethodAccessorImpl.java:62), sun.reflect.DelegatingMethodAccessorImpl.invoke(DelegatingMethodAccessorImpl.java:43), java.lang.reflect.Method.invoke(Method.java:498), org.openqa.selenium.support.events.EventFiringWebDriver.lambda$new$1(EventFiringWebDriver.java:105), com.sun.proxy.$Proxy14.perform(Unknown Source), org.openqa.selenium.support.events.EventFiringWebDriver.perform(EventFiringWebDriver.java:360), org.openqa.selenium.interactions.Actions$BuiltAction.perform(Actions.java:639), org.openqa.selenium.interactions.Actions.perform(Actions.java:595), manager.BaseHelper.clickByXY(BaseHelper.java:106), manager.UserHelper.fillRegistrationForm(UserHelper.java:75), tests.RegistrationTests.negativeRegistrationWrongPassword(RegistrationTests.java:65), sun.reflect.NativeMethodAccessorImpl.invoke0(Native Method), sun.reflect.NativeMethodAccessorImpl.invoke(NativeMethodAccessorImpl.java:62), sun.reflect.DelegatingMethodAccessorImpl.invoke(DelegatingMethodAccessorImpl.java:43), java.lang.reflect.Method.invoke(Method.java:498), org.testng.internal.MethodInvocationHelper.invokeMethod(MethodInvocationHelper.java:133), org.testng.internal.TestInvoker.invokeMethod(TestInvoker.java:598), org.testng.internal.TestInvoker.invokeTestMethod(TestInvoker.java:173), org.testng.internal.MethodRunner.runInSequence(MethodRunner.java:46), org.testng.internal.TestInvoker$MethodInvocationAgent.invoke(TestInvoker.java:824), org.testng.internal.TestInvoker.invokeTestMethods(TestInvoker.java:146), org.testng.internal.TestMethodWorker.invokeTestMethods(TestMethodWorker.java:146), org.testng.internal.TestMethodWorker.run(TestMethodWorker.java:128), java.util.ArrayList.forEach(ArrayList.java:1259), org.testng.TestRunner.privateRun(TestRunner.java:794), org.testng.TestRunner.run(TestRunner.java:596), org.testng.SuiteRunner.runTest(SuiteRunner.java:377), org.testng.SuiteRunner.runSequentially(SuiteRunner.java:371), org.testng.SuiteRunner.privateRun(SuiteRunner.java:332), org.testng.SuiteRunner.run(SuiteRunner.java:276), org.testng.SuiteRunnerWorker.runSuite(SuiteRunnerWorker.java:53), org.testng.SuiteRunnerWorker.run(SuiteRunnerWorker.java:96), org.testng.TestNG.runSuitesSequentially(TestNG.java:1212), org.testng.TestNG.runSuitesLocally(TestNG.java:1134), org.testng.TestNG.runSuites(TestNG.java:1063), org.testng.TestNG.run(TestNG.java:1031), org.gradle.api.internal.tasks.testing.testng.TestNGTestClassProcessor.runTests(TestNGTestClassProcessor.java:141), org.gradle.api.internal.tasks.testing.testng.TestNGTestClassProcessor.stop(TestNGTestClassProcessor.java:90), org.gradle.api.internal.tasks.testing.SuiteTestClassProcessor.stop(SuiteTestClassProcessor.java:61), sun.reflect.NativeMethodAccessorImpl.invoke0(Native Method), sun.reflect.NativeMethodAccessorImpl.invoke(NativeMethodAccessorImpl.java:62), sun.reflect.DelegatingMethodAccessorImpl.invoke(DelegatingMethodAccessorImpl.java:43), java.lang.reflect.Method.invoke(Method.java:498), org.gradle.internal.dispatch.ReflectionDispatch.dispatch(ReflectionDispatch.java:36), org.gradle.internal.dispatch.ReflectionDispatch.dispatch(ReflectionDispatch.java:24), org.gradle.internal.dispatch.ContextClassLoaderDispatch.dispatch(ContextClassLoaderDispatch.java:33), org.gradle.internal.dispatch.ProxyDispatchAdapter$DispatchingInvocationHandler.invoke(ProxyDispatchAdapter.java:94), com.sun.proxy.$Proxy2.stop(Unknown Source), org.gradle.api.internal.tasks.testing.worker.TestWorker$3.run(TestWorker.java:193), org.gradle.api.internal.tasks.testing.worker.TestWorker.executeAndMaintainThreadName(TestWorker.java:129), org.gradle.api.internal.tasks.testing.worker.TestWorker.execute(TestWorker.java:100), org.gradle.api.internal.tasks.testing.worker.TestWorker.execute(TestWorker.java:60), org.gradle.process.internal.worker.child.ActionExecutionWorker.execute(ActionExecutionWorker.java:56), org.gradle.process.internal.worker.child.SystemApplicationClassLoaderWorker.call(SystemApplicationClassLoaderWorker.java:133), org.gradle.process.internal.worker.child.SystemApplicationClassLoaderWorker.call(SystemApplicationClassLoaderWorker.java:71), worker.org.gradle.process.internal.worker.GradleWorkerMain.run(GradleWorkerMain.java:69), worker.org.gradle.process.internal.worker.GradleWorkerMain.main(GradleWorkerMain.java:74)]
2023-10-24 16:28:44,044 ERROR m.WDListener [WDListener.java:144] org.openqa.selenium.interactions.MoveTargetOutOfBoundsException: move target out of bounds
  (Session info: chrome=118.0.5993.89)
Build info: version: '3.141.59', revision: 'e82be7d358', time: '2018-11-14T08:17:03'
System info: host: 'LAPTOP-259RB9PK', ip: '192.168.1.58', os.name: 'Windows 11', os.arch: 'amd64', os.version: '10.0', java.version: '1.8.0_333'
Driver info: org.openqa.selenium.chrome.ChromeDriver
Capabilities {acceptInsecureCerts: false, browserName: chrome, browserVersion: 118.0.5993.89, chrome: {chromedriverVersion: 118.0.5993.70 (e52f33f30b91..., userDataDir: C:\Users\lzhol\AppData\Loca...}, fedcm:accounts: true, goog:chromeOptions: {debuggerAddress: localhost:60314}, javascriptEnabled: true, networkConnectionEnabled: false, pageLoadStrategy: normal, platform: WINDOWS, platformName: WINDOWS, proxy: Proxy(), setWindowRect: true, strictFileInteractability: false, timeouts: {implicit: 0, pageLoad: 300000, script: 30000}, unhandledPromptBehavior: dismiss and notify, webauthn:extension:credBlob: true, webauthn:extension:largeBlob: true, webauthn:extension:minPinLength: true, webauthn:extension:prf: true, webauthn:virtualAuthenticators: true}
Session ID: 1e0ca137dce455f2b20dbf35a353379b
2023-10-24 16:28:45,069 INFO m.TestNGListener [TestNGListener.java:28] test failure: negativeRegistrationWrongPassword
2023-10-24 16:28:45,069 INFO t.BaseTest [BaseTest.java:52] stop method: positiveRegistration
2023-10-24 16:28:45,069 INFO t.BaseTest [BaseTest.java:47] start method: positiveRegistration
2023-10-24 16:28:45,087 INFO m.TestNGListener [TestNGListener.java:16] started test: positiveRegistration
2023-10-24 16:28:45,087 INFO m.WDListener [WDListener.java:83] before find element: By.xpath: //a[contains(@href, '/registration')]
2023-10-24 16:28:45,137 INFO m.WDListener [WDListener.java:89] element found success: By.xpath: //a[contains(@href, '/registration')]
2023-10-24 16:28:45,137 INFO m.WDListener [WDListener.java:95] start method click
2023-10-24 16:28:45,247 INFO m.WDListener [WDListener.java:101] done method click
2023-10-24 16:28:45,247 INFO m.WDListener [WDListener.java:83] before find element: By.xpath: //input[@id='name']
2023-10-24 16:28:45,288 INFO m.WDListener [WDListener.java:89] element found success: By.xpath: //input[@id='name']
2023-10-24 16:28:45,288 INFO m.WDListener [WDListener.java:95] start method click
2023-10-24 16:28:45,502 INFO m.WDListener [WDListener.java:101] done method click
2023-10-24 16:28:45,761 INFO m.WDListener [WDListener.java:83] before find element: By.xpath: //input[@id='lastName']
2023-10-24 16:28:45,789 INFO m.WDListener [WDListener.java:89] element found success: By.xpath: //input[@id='lastName']
2023-10-24 16:28:45,789 INFO m.WDListener [WDListener.java:95] start method click
2023-10-24 16:28:45,881 INFO m.WDListener [WDListener.java:101] done method click
2023-10-24 16:28:46,061 INFO m.WDListener [WDListener.java:83] before find element: By.xpath: //input[@id='email']
2023-10-24 16:28:46,081 INFO m.WDListener [WDListener.java:89] element found success: By.xpath: //input[@id='email']
2023-10-24 16:28:46,082 INFO m.WDListener [WDListener.java:95] start method click
2023-10-24 16:28:46,157 INFO m.WDListener [WDListener.java:101] done method click
2023-10-24 16:28:46,392 INFO m.WDListener [WDListener.java:83] before find element: By.xpath: //input[@id='password']
2023-10-24 16:28:46,441 INFO m.WDListener [WDListener.java:89] element found success: By.xpath: //input[@id='password']
2023-10-24 16:28:46,441 INFO m.WDListener [WDListener.java:95] start method click
2023-10-24 16:28:46,557 INFO m.WDListener [WDListener.java:101] done method click
2023-10-24 16:28:46,820 INFO m.WDListener [WDListener.java:83] before find element: By.xpath: //label[@for='terms-of-use']
2023-10-24 16:28:46,843 INFO m.WDListener [WDListener.java:89] element found success: By.xpath: //label[@for='terms-of-use']
2023-10-24 16:28:46,883 INFO m.WDListener [WDListener.java:139] start on exception in WDListener class
2023-10-24 16:28:46,885 INFO m.WDListener [WDListener.java:141] created name for the screenshot: src/test/java/screenshots/screenshot-2023-10-24_16_28_46.png
2023-10-24 16:28:46,885 ERROR m.WDListener [WDListener.java:142] move target out of bounds
  (Session info: chrome=118.0.5993.89)
Build info: version: '3.141.59', revision: 'e82be7d358', time: '2018-11-14T08:17:03'
System info: host: 'LAPTOP-259RB9PK', ip: '192.168.1.58', os.name: 'Windows 11', os.arch: 'amd64', os.version: '10.0', java.version: '1.8.0_333'
Driver info: org.openqa.selenium.chrome.ChromeDriver
Capabilities {acceptInsecureCerts: false, browserName: chrome, browserVersion: 118.0.5993.89, chrome: {chromedriverVersion: 118.0.5993.70 (e52f33f30b91..., userDataDir: C:\Users\lzhol\AppData\Loca...}, fedcm:accounts: true, goog:chromeOptions: {debuggerAddress: localhost:60314}, javascriptEnabled: true, networkConnectionEnabled: false, pageLoadStrategy: normal, platform: WINDOWS, platformName: WINDOWS, proxy: Proxy(), setWindowRect: true, strictFileInteractability: false, timeouts: {implicit: 0, pageLoad: 300000, script: 30000}, unhandledPromptBehavior: dismiss and notify, webauthn:extension:credBlob: true, webauthn:extension:largeBlob: true, webauthn:extension:minPinLength: true, webauthn:extension:prf: true, webauthn:virtualAuthenticators: true}
Session ID: 1e0ca137dce455f2b20dbf35a353379b
2023-10-24 16:28:46,885 ERROR m.WDListener [WDListener.java:143] [sun.reflect.NativeConstructorAccessorImpl.newInstance0(Native Method), sun.reflect.NativeConstructorAccessorImpl.newInstance(NativeConstructorAccessorImpl.java:62), sun.reflect.DelegatingConstructorAccessorImpl.newInstance(DelegatingConstructorAccessorImpl.java:45), java.lang.reflect.Constructor.newInstance(Constructor.java:423), org.openqa.selenium.remote.http.W3CHttpResponseCodec.createException(W3CHttpResponseCodec.java:187), org.openqa.selenium.remote.http.W3CHttpResponseCodec.decode(W3CHttpResponseCodec.java:122), org.openqa.selenium.remote.http.W3CHttpResponseCodec.decode(W3CHttpResponseCodec.java:49), org.openqa.selenium.remote.HttpCommandExecutor.execute(HttpCommandExecutor.java:158), org.openqa.selenium.remote.service.DriverCommandExecutor.execute(DriverCommandExecutor.java:83), org.openqa.selenium.remote.RemoteWebDriver.execute(RemoteWebDriver.java:552), org.openqa.selenium.remote.RemoteWebDriver.perform(RemoteWebDriver.java:618), sun.reflect.NativeMethodAccessorImpl.invoke0(Native Method), sun.reflect.NativeMethodAccessorImpl.invoke(NativeMethodAccessorImpl.java:62), sun.reflect.DelegatingMethodAccessorImpl.invoke(DelegatingMethodAccessorImpl.java:43), java.lang.reflect.Method.invoke(Method.java:498), org.openqa.selenium.support.events.EventFiringWebDriver.lambda$new$1(EventFiringWebDriver.java:105), com.sun.proxy.$Proxy14.perform(Unknown Source), org.openqa.selenium.support.events.EventFiringWebDriver.perform(EventFiringWebDriver.java:360), org.openqa.selenium.interactions.Actions$BuiltAction.perform(Actions.java:639), org.openqa.selenium.interactions.Actions.perform(Actions.java:595), manager.BaseHelper.clickByXY(BaseHelper.java:106), manager.UserHelper.fillRegistrationForm(UserHelper.java:75), tests.RegistrationTests.positiveRegistration(RegistrationTests.java:36), sun.reflect.NativeMethodAccessorImpl.invoke0(Native Method), sun.reflect.NativeMethodAccessorImpl.invoke(NativeMethodAccessorImpl.java:62), sun.reflect.DelegatingMethodAccessorImpl.invoke(DelegatingMethodAccessorImpl.java:43), java.lang.reflect.Method.invoke(Method.java:498), org.testng.internal.MethodInvocationHelper.invokeMethod(MethodInvocationHelper.java:133), org.testng.internal.TestInvoker.invokeMethod(TestInvoker.java:598), org.testng.internal.TestInvoker.invokeTestMethod(TestInvoker.java:173), org.testng.internal.MethodRunner.runInSequence(MethodRunner.java:46), org.testng.internal.TestInvoker$MethodInvocationAgent.invoke(TestInvoker.java:824), org.testng.internal.TestInvoker.invokeTestMethods(TestInvoker.java:146), org.testng.internal.TestMethodWorker.invokeTestMethods(TestMethodWorker.java:146), org.testng.internal.TestMethodWorker.run(TestMethodWorker.java:128), java.util.ArrayList.forEach(ArrayList.java:1259), org.testng.TestRunner.privateRun(TestRunner.java:794), org.testng.TestRunner.run(TestRunner.java:596), org.testng.SuiteRunner.runTest(SuiteRunner.java:377), org.testng.SuiteRunner.runSequentially(SuiteRunner.java:371), org.testng.SuiteRunner.privateRun(SuiteRunner.java:332), org.testng.SuiteRunner.run(SuiteRunner.java:276), org.testng.SuiteRunnerWorker.runSuite(SuiteRunnerWorker.java:53), org.testng.SuiteRunnerWorker.run(SuiteRunnerWorker.java:96), org.testng.TestNG.runSuitesSequentially(TestNG.java:1212), org.testng.TestNG.runSuitesLocally(TestNG.java:1134), org.testng.TestNG.runSuites(TestNG.java:1063), org.testng.TestNG.run(TestNG.java:1031), org.gradle.api.internal.tasks.testing.testng.TestNGTestClassProcessor.runTests(TestNGTestClassProcessor.java:141), org.gradle.api.internal.tasks.testing.testng.TestNGTestClassProcessor.stop(TestNGTestClassProcessor.java:90), org.gradle.api.internal.tasks.testing.SuiteTestClassProcessor.stop(SuiteTestClassProcessor.java:61), sun.reflect.NativeMethodAccessorImpl.invoke0(Native Method), sun.reflect.NativeMethodAccessorImpl.invoke(NativeMethodAccessorImpl.java:62), sun.reflect.DelegatingMethodAccessorImpl.invoke(DelegatingMethodAccessorImpl.java:43), java.lang.reflect.Method.invoke(Method.java:498), org.gradle.internal.dispatch.ReflectionDispatch.dispatch(ReflectionDispatch.java:36), org.gradle.internal.dispatch.ReflectionDispatch.dispatch(ReflectionDispatch.java:24), org.gradle.internal.dispatch.ContextClassLoaderDispatch.dispatch(ContextClassLoaderDispatch.java:33), org.gradle.internal.dispatch.ProxyDispatchAdapter$DispatchingInvocationHandler.invoke(ProxyDispatchAdapter.java:94), com.sun.proxy.$Proxy2.stop(Unknown Source), org.gradle.api.internal.tasks.testing.worker.TestWorker$3.run(TestWorker.java:193), org.gradle.api.internal.tasks.testing.worker.TestWorker.executeAndMaintainThreadName(TestWorker.java:129), org.gradle.api.internal.tasks.testing.worker.TestWorker.execute(TestWorker.java:100), org.gradle.api.internal.tasks.testing.worker.TestWorker.execute(TestWorker.java:60), org.gradle.process.internal.worker.child.ActionExecutionWorker.execute(ActionExecutionWorker.java:56), org.gradle.process.internal.worker.child.SystemApplicationClassLoaderWorker.call(SystemApplicationClassLoaderWorker.java:133), org.gradle.process.internal.worker.child.SystemApplicationClassLoaderWorker.call(SystemApplicationClassLoaderWorker.java:71), worker.org.gradle.process.internal.worker.GradleWorkerMain.run(GradleWorkerMain.java:69), worker.org.gradle.process.internal.worker.GradleWorkerMain.main(GradleWorkerMain.java:74)]
2023-10-24 16:28:46,885 ERROR m.WDListener [WDListener.java:144] org.openqa.selenium.interactions.MoveTargetOutOfBoundsException: move target out of bounds
  (Session info: chrome=118.0.5993.89)
Build info: version: '3.141.59', revision: 'e82be7d358', time: '2018-11-14T08:17:03'
System info: host: 'LAPTOP-259RB9PK', ip: '192.168.1.58', os.name: 'Windows 11', os.arch: 'amd64', os.version: '10.0', java.version: '1.8.0_333'
Driver info: org.openqa.selenium.chrome.ChromeDriver
Capabilities {acceptInsecureCerts: false, browserName: chrome, browserVersion: 118.0.5993.89, chrome: {chromedriverVersion: 118.0.5993.70 (e52f33f30b91..., userDataDir: C:\Users\lzhol\AppData\Loca...}, fedcm:accounts: true, goog:chromeOptions: {debuggerAddress: localhost:60314}, javascriptEnabled: true, networkConnectionEnabled: false, pageLoadStrategy: normal, platform: WINDOWS, platformName: WINDOWS, proxy: Proxy(), setWindowRect: true, strictFileInteractability: false, timeouts: {implicit: 0, pageLoad: 300000, script: 30000}, unhandledPromptBehavior: dismiss and notify, webauthn:extension:credBlob: true, webauthn:extension:largeBlob: true, webauthn:extension:minPinLength: true, webauthn:extension:prf: true, webauthn:virtualAuthenticators: true}
Session ID: 1e0ca137dce455f2b20dbf35a353379b
2023-10-24 16:28:47,861 INFO m.TestNGListener [TestNGListener.java:28] test failure: positiveRegistration
2023-10-24 16:28:47,861 INFO m.TestNGListener [TestNGListener.java:57] all code executed: passed tests: [ResultMap map=[[TestResult name=negativeRegistrationBlankEmail status=SUCCESS method=RegistrationTests.negativeRegistrationBlankEmail()[pri:0, instance:tests.RegistrationTests@505fc5a4] output={null}]]]
2023-10-24 16:28:47,861 INFO m.TestNGListener [TestNGListener.java:58] all code executed: failed tests: [ResultMap map=[[TestResult name=positiveRegistration status=FAILURE method=RegistrationTests.positiveRegistration()[pri:0, instance:tests.RegistrationTests@505fc5a4] output={null}], [TestResult name=negativeRegistrationWrongEmail status=FAILURE method=RegistrationTests.negativeRegistrationWrongEmail()[pri:0, instance:tests.RegistrationTests@505fc5a4] output={null}], [TestResult name=negativeRegistrationWrongPassword status=FAILURE method=RegistrationTests.negativeRegistrationWrongPassword()[pri:0, instance:tests.RegistrationTests@505fc5a4] output={null}]]]
